2022-05-11 11:02:34,475 ERROR 14392 nodejs.unhandledExceptionError: read ECONNRESET
    at TCP.onStreamRead (internal/stream_base_commons.js:209:20)
errno: -4077
code: "ECONNRESET"
syscall: "read"
name: "unhandledExceptionError"
pid: 14392
hostname: LAPTOP-0HJCDJRM

2022-05-11 11:09:31,411 ERROR 32664 [-/127.0.0.1/-/55ms POST /graphql] nodejs.Error: Type "c" not found in document.
    at ASTDefinitionBuilder._resolveType (E:\桌面\learning-effect\app-server\node_modules\graphql\utilities\buildASTSchema.js:134:11)
    at ASTDefinitionBuilder.buildType (E:\桌面\learning-effect\app-server\node_modules\graphql\utilities\buildASTSchema.js:218:79)
    at ASTDefinitionBuilder._buildWrappedType (E:\桌面\learning-effect\app-server\node_modules\graphql\utilities\buildASTSchema.js:227:24)
    at ASTDefinitionBuilder.buildField (E:\桌面\learning-effect\app-server\node_modules\graphql\utilities\buildASTSchema.js:248:18)
    at E:\桌面\learning-effect\app-server\node_modules\graphql\utilities\buildASTSchema.js:302:21
    at E:\桌面\learning-effect\app-server\node_modules\graphql\jsutils\keyValMap.js:28:31
    at Array.reduce (<anonymous>)
    at keyValMap (E:\桌面\learning-effect\app-server\node_modules\graphql\jsutils\keyValMap.js:27:15)
    at ASTDefinitionBuilder._makeFieldDefMap (E:\桌面\learning-effect\app-server\node_modules\graphql\utilities\buildASTSchema.js:299:49)
    at fields (E:\桌面\learning-effect\app-server\node_modules\graphql\utilities\buildASTSchema.js:284:23)
    at resolveThunk (E:\桌面\learning-effect\app-server\node_modules\graphql\type\definition.js:370:40)
    at defineFieldMap (E:\桌面\learning-effect\app-server\node_modules\graphql\type\definition.js:532:18)
    at GraphQLObjectType.getFields (E:\桌面\learning-effect\app-server\node_modules\graphql\type\definition.js:506:44)
    at typeMapReducer (E:\桌面\learning-effect\app-server\node_modules\graphql\type\schema.js:232:38)
    at typeMapReducer (E:\桌面\learning-effect\app-server\node_modules\graphql\type\schema.js:213:12)
    at E:\桌面\learning-effect\app-server\node_modules\graphql\type\schema.js:239:20

pid: 32664
hostname: LAPTOP-0HJCDJRM

2022-05-11 11:09:36,748 ERROR 32664 [-/127.0.0.1/-/13ms POST /graphql] nodejs.Error: Type "c" not found in document.
    at ASTDefinitionBuilder._resolveType (E:\桌面\learning-effect\app-server\node_modules\graphql\utilities\buildASTSchema.js:134:11)
    at ASTDefinitionBuilder.buildType (E:\桌面\learning-effect\app-server\node_modules\graphql\utilities\buildASTSchema.js:218:79)
    at ASTDefinitionBuilder._buildWrappedType (E:\桌面\learning-effect\app-server\node_modules\graphql\utilities\buildASTSchema.js:227:24)
    at ASTDefinitionBuilder.buildField (E:\桌面\learning-effect\app-server\node_modules\graphql\utilities\buildASTSchema.js:248:18)
    at E:\桌面\learning-effect\app-server\node_modules\graphql\utilities\buildASTSchema.js:302:21
    at E:\桌面\learning-effect\app-server\node_modules\graphql\jsutils\keyValMap.js:28:31
    at Array.reduce (<anonymous>)
    at keyValMap (E:\桌面\learning-effect\app-server\node_modules\graphql\jsutils\keyValMap.js:27:15)
    at ASTDefinitionBuilder._makeFieldDefMap (E:\桌面\learning-effect\app-server\node_modules\graphql\utilities\buildASTSchema.js:299:49)
    at fields (E:\桌面\learning-effect\app-server\node_modules\graphql\utilities\buildASTSchema.js:284:23)
    at resolveThunk (E:\桌面\learning-effect\app-server\node_modules\graphql\type\definition.js:370:40)
    at defineFieldMap (E:\桌面\learning-effect\app-server\node_modules\graphql\type\definition.js:532:18)
    at GraphQLObjectType.getFields (E:\桌面\learning-effect\app-server\node_modules\graphql\type\definition.js:506:44)
    at typeMapReducer (E:\桌面\learning-effect\app-server\node_modules\graphql\type\schema.js:232:38)
    at typeMapReducer (E:\桌面\learning-effect\app-server\node_modules\graphql\type\schema.js:213:12)
    at E:\桌面\learning-effect\app-server\node_modules\graphql\type\schema.js:239:20

pid: 32664
hostname: LAPTOP-0HJCDJRM

2022-05-11 11:09:57,205 ERROR 14392 nodejs.unhandledExceptionError: read ECONNRESET
    at TCP.onStreamRead (internal/stream_base_commons.js:209:20)
errno: -4077
code: "ECONNRESET"
syscall: "read"
name: "unhandledExceptionError"
pid: 14392
hostname: LAPTOP-0HJCDJRM

2022-05-11 11:09:58,383 ERROR 14012 [-/127.0.0.1/-/66ms POST /graphql] nodejs.Error: Type "c" not found in document.
    at ASTDefinitionBuilder._resolveType (E:\桌面\learning-effect\app-server\node_modules\graphql\utilities\buildASTSchema.js:134:11)
    at ASTDefinitionBuilder.buildType (E:\桌面\learning-effect\app-server\node_modules\graphql\utilities\buildASTSchema.js:218:79)
    at ASTDefinitionBuilder._buildWrappedType (E:\桌面\learning-effect\app-server\node_modules\graphql\utilities\buildASTSchema.js:227:24)
    at ASTDefinitionBuilder.buildField (E:\桌面\learning-effect\app-server\node_modules\graphql\utilities\buildASTSchema.js:248:18)
    at E:\桌面\learning-effect\app-server\node_modules\graphql\utilities\buildASTSchema.js:302:21
    at E:\桌面\learning-effect\app-server\node_modules\graphql\jsutils\keyValMap.js:28:31
    at Array.reduce (<anonymous>)
    at keyValMap (E:\桌面\learning-effect\app-server\node_modules\graphql\jsutils\keyValMap.js:27:15)
    at ASTDefinitionBuilder._makeFieldDefMap (E:\桌面\learning-effect\app-server\node_modules\graphql\utilities\buildASTSchema.js:299:49)
    at fields (E:\桌面\learning-effect\app-server\node_modules\graphql\utilities\buildASTSchema.js:284:23)
    at resolveThunk (E:\桌面\learning-effect\app-server\node_modules\graphql\type\definition.js:370:40)
    at defineFieldMap (E:\桌面\learning-effect\app-server\node_modules\graphql\type\definition.js:532:18)
    at GraphQLObjectType.getFields (E:\桌面\learning-effect\app-server\node_modules\graphql\type\definition.js:506:44)
    at typeMapReducer (E:\桌面\learning-effect\app-server\node_modules\graphql\type\schema.js:232:38)
    at typeMapReducer (E:\桌面\learning-effect\app-server\node_modules\graphql\type\schema.js:213:12)
    at E:\桌面\learning-effect\app-server\node_modules\graphql\type\schema.js:239:20

pid: 14012
hostname: LAPTOP-0HJCDJRM

2022-05-11 11:11:18,778 ERROR 36048 [-/127.0.0.1/-/53ms POST /graphql] nodejs.Error: Type "c" not found in document.
    at ASTDefinitionBuilder._resolveType (E:\桌面\learning-effect\app-server\node_modules\graphql\utilities\buildASTSchema.js:134:11)
    at ASTDefinitionBuilder.buildType (E:\桌面\learning-effect\app-server\node_modules\graphql\utilities\buildASTSchema.js:218:79)
    at ASTDefinitionBuilder._buildWrappedType (E:\桌面\learning-effect\app-server\node_modules\graphql\utilities\buildASTSchema.js:227:24)
    at ASTDefinitionBuilder.buildField (E:\桌面\learning-effect\app-server\node_modules\graphql\utilities\buildASTSchema.js:248:18)
    at E:\桌面\learning-effect\app-server\node_modules\graphql\utilities\buildASTSchema.js:302:21
    at E:\桌面\learning-effect\app-server\node_modules\graphql\jsutils\keyValMap.js:28:31
    at Array.reduce (<anonymous>)
    at keyValMap (E:\桌面\learning-effect\app-server\node_modules\graphql\jsutils\keyValMap.js:27:15)
    at ASTDefinitionBuilder._makeFieldDefMap (E:\桌面\learning-effect\app-server\node_modules\graphql\utilities\buildASTSchema.js:299:49)
    at fields (E:\桌面\learning-effect\app-server\node_modules\graphql\utilities\buildASTSchema.js:284:23)
    at resolveThunk (E:\桌面\learning-effect\app-server\node_modules\graphql\type\definition.js:370:40)
    at defineFieldMap (E:\桌面\learning-effect\app-server\node_modules\graphql\type\definition.js:532:18)
    at GraphQLObjectType.getFields (E:\桌面\learning-effect\app-server\node_modules\graphql\type\definition.js:506:44)
    at typeMapReducer (E:\桌面\learning-effect\app-server\node_modules\graphql\type\schema.js:232:38)
    at typeMapReducer (E:\桌面\learning-effect\app-server\node_modules\graphql\type\schema.js:213:12)
    at E:\桌面\learning-effect\app-server\node_modules\graphql\type\schema.js:239:20

pid: 36048
hostname: LAPTOP-0HJCDJRM

2022-05-11 11:12:06,368 ERROR 15120 [-/127.0.0.1/-/62ms POST /graphql] nodejs.Error: Type "c" not found in document.
    at ASTDefinitionBuilder._resolveType (E:\桌面\learning-effect\app-server\node_modules\graphql\utilities\buildASTSchema.js:134:11)
    at ASTDefinitionBuilder.buildType (E:\桌面\learning-effect\app-server\node_modules\graphql\utilities\buildASTSchema.js:218:79)
    at ASTDefinitionBuilder._buildWrappedType (E:\桌面\learning-effect\app-server\node_modules\graphql\utilities\buildASTSchema.js:227:24)
    at ASTDefinitionBuilder.buildField (E:\桌面\learning-effect\app-server\node_modules\graphql\utilities\buildASTSchema.js:248:18)
    at E:\桌面\learning-effect\app-server\node_modules\graphql\utilities\buildASTSchema.js:302:21
    at E:\桌面\learning-effect\app-server\node_modules\graphql\jsutils\keyValMap.js:28:31
    at Array.reduce (<anonymous>)
    at keyValMap (E:\桌面\learning-effect\app-server\node_modules\graphql\jsutils\keyValMap.js:27:15)
    at ASTDefinitionBuilder._makeFieldDefMap (E:\桌面\learning-effect\app-server\node_modules\graphql\utilities\buildASTSchema.js:299:49)
    at fields (E:\桌面\learning-effect\app-server\node_modules\graphql\utilities\buildASTSchema.js:284:23)
    at resolveThunk (E:\桌面\learning-effect\app-server\node_modules\graphql\type\definition.js:370:40)
    at defineFieldMap (E:\桌面\learning-effect\app-server\node_modules\graphql\type\definition.js:532:18)
    at GraphQLObjectType.getFields (E:\桌面\learning-effect\app-server\node_modules\graphql\type\definition.js:506:44)
    at typeMapReducer (E:\桌面\learning-effect\app-server\node_modules\graphql\type\schema.js:232:38)
    at typeMapReducer (E:\桌面\learning-effect\app-server\node_modules\graphql\type\schema.js:213:12)
    at E:\桌面\learning-effect\app-server\node_modules\graphql\type\schema.js:239:20

pid: 15120
hostname: LAPTOP-0HJCDJRM

2022-05-11 11:12:52,020 ERROR 14392 nodejs.unhandledExceptionError: read ECONNRESET
    at TCP.onStreamRead (internal/stream_base_commons.js:209:20)
errno: -4077
code: "ECONNRESET"
syscall: "read"
name: "unhandledExceptionError"
pid: 14392
hostname: LAPTOP-0HJCDJRM

2022-05-11 12:17:21,985 ERROR 14392 nodejs.unhandledExceptionError: read ECONNRESET
    at TCP.onStreamRead (internal/stream_base_commons.js:209:20)
errno: -4077
code: "ECONNRESET"
syscall: "read"
name: "unhandledExceptionError"
pid: 14392
hostname: LAPTOP-0HJCDJRM

2022-05-11 16:01:15,536 ERROR 14392 nodejs.unhandledExceptionError: read ECONNRESET
    at TCP.onStreamRead (internal/stream_base_commons.js:209:20)
errno: -4077
code: "ECONNRESET"
syscall: "read"
name: "unhandledExceptionError"
pid: 14392
hostname: LAPTOP-0HJCDJRM

2022-05-11 17:03:33,967 ERROR 14392 nodejs.unhandledExceptionError: read ECONNRESET
    at TCP.onStreamRead (internal/stream_base_commons.js:209:20)
errno: -4077
code: "ECONNRESET"
syscall: "read"
name: "unhandledExceptionError"
pid: 14392
hostname: LAPTOP-0HJCDJRM

2022-05-11 19:55:50,897 ERROR 17148 nodejs.unhandledExceptionError: read ECONNRESET
    at TCP.onStreamRead (internal/stream_base_commons.js:209:20)
errno: -4077
code: "ECONNRESET"
syscall: "read"
name: "unhandledExceptionError"
pid: 17148
hostname: PC-20220417WIYG

2022-05-11 20:41:21,540 ERROR 15180 nodejs.unhandledExceptionError: read ECONNRESET
    at TCP.onStreamRead (internal/stream_base_commons.js:209:20)
errno: -4077
code: "ECONNRESET"
syscall: "read"
name: "unhandledExceptionError"
pid: 15180
hostname: PC-20220417WIYG

2022-05-11 21:42:40,594 ERROR 15180 nodejs.unhandledExceptionError: read ECONNRESET
    at TCP.onStreamRead (internal/stream_base_commons.js:209:20)
errno: -4077
code: "ECONNRESET"
syscall: "read"
name: "unhandledExceptionError"
pid: 15180
hostname: PC-20220417WIYG

2022-05-12 10:13:08,065 ERROR 14392 nodejs.unhandledExceptionError: read ECONNRESET
    at TCP.onStreamRead (internal/stream_base_commons.js:209:20)
errno: -4077
code: "ECONNRESET"
syscall: "read"
name: "unhandledExceptionError"
pid: 14392
hostname: LAPTOP-0HJCDJRM

2022-05-12 11:13:14,789 ERROR 14392 nodejs.unhandledExceptionError: read ECONNRESET
    at TCP.onStreamRead (internal/stream_base_commons.js:209:20)
errno: -4077
code: "ECONNRESET"
syscall: "read"
name: "unhandledExceptionError"
pid: 14392
hostname: LAPTOP-0HJCDJRM

2022-05-12 12:19:33,372 ERROR 14392 nodejs.unhandledExceptionError: read ECONNRESET
    at TCP.onStreamRead (internal/stream_base_commons.js:209:20)
errno: -4077
code: "ECONNRESET"
syscall: "read"
name: "unhandledExceptionError"
pid: 14392
hostname: LAPTOP-0HJCDJRM

2022-05-12 12:36:43,643 ERROR 14392 nodejs.unhandledExceptionError: read ECONNRESET
    at TCP.onStreamRead (internal/stream_base_commons.js:209:20)
errno: -4077
code: "ECONNRESET"
syscall: "read"
name: "unhandledExceptionError"
pid: 14392
hostname: LAPTOP-0HJCDJRM

2022-05-12 16:36:42,541 ERROR 14392 nodejs.unhandledExceptionError: read ECONNRESET
    at TCP.onStreamRead (internal/stream_base_commons.js:209:20)
errno: -4077
code: "ECONNRESET"
syscall: "read"
name: "unhandledExceptionError"
pid: 14392
hostname: LAPTOP-0HJCDJRM

2022-05-12 17:42:32,724 ERROR 14392 nodejs.unhandledExceptionError: read ECONNRESET
    at TCP.onStreamRead (internal/stream_base_commons.js:209:20)
errno: -4077
code: "ECONNRESET"
syscall: "read"
name: "unhandledExceptionError"
pid: 14392
hostname: LAPTOP-0HJCDJRM

2022-05-12 20:33:50,954 ERROR 15180 nodejs.unhandledExceptionError: read ECONNRESET
    at TCP.onStreamRead (internal/stream_base_commons.js:209:20)
errno: -4077
code: "ECONNRESET"
syscall: "read"
name: "unhandledExceptionError"
pid: 15180
hostname: PC-20220417WIYG

2022-05-12 21:21:57,339 ERROR 15180 nodejs.unhandledExceptionError: read ECONNRESET
    at TCP.onStreamRead (internal/stream_base_commons.js:209:20)
errno: -4077
code: "ECONNRESET"
syscall: "read"
name: "unhandledExceptionError"
pid: 15180
hostname: PC-20220417WIYG

2022-05-12 21:32:35,098 ERROR 15180 nodejs.unhandledExceptionError: read ECONNRESET
    at TCP.onStreamRead (internal/stream_base_commons.js:209:20)
errno: -4077
code: "ECONNRESET"
syscall: "read"
name: "unhandledExceptionError"
pid: 15180
hostname: PC-20220417WIYG

2022-05-12 21:34:14,035 ERROR 15180 nodejs.unhandledExceptionError: read ECONNRESET
    at TCP.onStreamRead (internal/stream_base_commons.js:209:20)
errno: -4077
code: "ECONNRESET"
syscall: "read"
name: "unhandledExceptionError"
pid: 15180
hostname: PC-20220417WIYG

2022-05-12 22:22:50,391 ERROR 15180 nodejs.unhandledExceptionError: read ECONNRESET
    at TCP.onStreamRead (internal/stream_base_commons.js:209:20)
errno: -4077
code: "ECONNRESET"
syscall: "read"
name: "unhandledExceptionError"
pid: 15180
hostname: PC-20220417WIYG

2022-05-12 23:22:53,717 ERROR 15180 nodejs.unhandledExceptionError: read ECONNRESET
    at TCP.onStreamRead (internal/stream_base_commons.js:209:20)
errno: -4077
code: "ECONNRESET"
syscall: "read"
name: "unhandledExceptionError"
pid: 15180
hostname: PC-20220417WIYG

