2022-05-11 09:06:48,637 INFO 25652 [Job#16522312084261726264704486002] E:\桌面\learning-effect\app-server\node_modules\egg-multipart\app\schedule\clean_tmpdir.js execute succeed, used 170ms. 
2022-05-11 11:02:28,778 INFO 28744 [egg-schedule]: register schedule E:\桌面\learning-effect\app-server\node_modules\egg-multipart\app\schedule\clean_tmpdir.js
2022-05-11 11:02:28,778 INFO 28744 [egg-schedule]: register schedule E:\桌面\learning-effect\app-server\node_modules\egg-logrotator\app\schedule\clean_log.js
2022-05-11 11:02:28,778 INFO 28744 [egg-schedule]: register schedule E:\桌面\learning-effect\app-server\node_modules\egg-logrotator\app\schedule\rotate_by_file.js
2022-05-11 11:02:33,072 INFO 36400 [egg-schedule]: register schedule E:\桌面\learning-effect\app-server\node_modules\egg-multipart\app\schedule\clean_tmpdir.js
2022-05-11 11:02:33,072 INFO 36400 [egg-schedule]: register schedule E:\桌面\learning-effect\app-server\node_modules\egg-logrotator\app\schedule\clean_log.js
2022-05-11 11:02:33,072 INFO 36400 [egg-schedule]: register schedule E:\桌面\learning-effect\app-server\node_modules\egg-logrotator\app\schedule\rotate_by_file.js
2022-05-11 11:04:16,632 INFO 3564 [egg-schedule]: register schedule E:\桌面\learning-effect\app-server\node_modules\egg-multipart\app\schedule\clean_tmpdir.js
2022-05-11 11:04:16,632 INFO 3564 [egg-schedule]: register schedule E:\桌面\learning-effect\app-server\node_modules\egg-logrotator\app\schedule\clean_log.js
2022-05-11 11:04:16,632 INFO 3564 [egg-schedule]: register schedule E:\桌面\learning-effect\app-server\node_modules\egg-logrotator\app\schedule\rotate_by_file.js
2022-05-11 11:06:44,548 INFO 35912 [egg-schedule]: register schedule E:\桌面\learning-effect\app-server\node_modules\egg-multipart\app\schedule\clean_tmpdir.js
2022-05-11 11:06:44,548 INFO 35912 [egg-schedule]: register schedule E:\桌面\learning-effect\app-server\node_modules\egg-logrotator\app\schedule\clean_log.js
2022-05-11 11:06:44,548 INFO 35912 [egg-schedule]: register schedule E:\桌面\learning-effect\app-server\node_modules\egg-logrotator\app\schedule\rotate_by_file.js
2022-05-11 11:06:54,073 INFO 35008 [egg-schedule]: register schedule E:\桌面\learning-effect\app-server\node_modules\egg-multipart\app\schedule\clean_tmpdir.js
2022-05-11 11:06:54,073 INFO 35008 [egg-schedule]: register schedule E:\桌面\learning-effect\app-server\node_modules\egg-logrotator\app\schedule\clean_log.js
2022-05-11 11:06:54,073 INFO 35008 [egg-schedule]: register schedule E:\桌面\learning-effect\app-server\node_modules\egg-logrotator\app\schedule\rotate_by_file.js
2022-05-11 11:07:38,260 INFO 35104 [egg-schedule]: register schedule E:\桌面\learning-effect\app-server\node_modules\egg-multipart\app\schedule\clean_tmpdir.js
2022-05-11 11:07:38,260 INFO 35104 [egg-schedule]: register schedule E:\桌面\learning-effect\app-server\node_modules\egg-logrotator\app\schedule\clean_log.js
2022-05-11 11:07:38,260 INFO 35104 [egg-schedule]: register schedule E:\桌面\learning-effect\app-server\node_modules\egg-logrotator\app\schedule\rotate_by_file.js
2022-05-11 11:08:04,929 INFO 26192 [egg-schedule]: register schedule E:\桌面\learning-effect\app-server\node_modules\egg-multipart\app\schedule\clean_tmpdir.js
2022-05-11 11:08:04,929 INFO 26192 [egg-schedule]: register schedule E:\桌面\learning-effect\app-server\node_modules\egg-logrotator\app\schedule\clean_log.js
2022-05-11 11:08:04,929 INFO 26192 [egg-schedule]: register schedule E:\桌面\learning-effect\app-server\node_modules\egg-logrotator\app\schedule\rotate_by_file.js
2022-05-11 11:09:03,819 INFO 32664 [egg-schedule]: register schedule E:\桌面\learning-effect\app-server\node_modules\egg-multipart\app\schedule\clean_tmpdir.js
2022-05-11 11:09:03,819 INFO 32664 [egg-schedule]: register schedule E:\桌面\learning-effect\app-server\node_modules\egg-logrotator\app\schedule\clean_log.js
2022-05-11 11:09:03,819 INFO 32664 [egg-schedule]: register schedule E:\桌面\learning-effect\app-server\node_modules\egg-logrotator\app\schedule\rotate_by_file.js
2022-05-11 11:09:48,434 INFO 32840 [egg-schedule]: register schedule E:\桌面\learning-effect\app-server\node_modules\egg-multipart\app\schedule\clean_tmpdir.js
2022-05-11 11:09:48,434 INFO 32840 [egg-schedule]: register schedule E:\桌面\learning-effect\app-server\node_modules\egg-logrotator\app\schedule\clean_log.js
2022-05-11 11:09:48,434 INFO 32840 [egg-schedule]: register schedule E:\桌面\learning-effect\app-server\node_modules\egg-logrotator\app\schedule\rotate_by_file.js
2022-05-11 11:09:54,839 INFO 14012 [egg-schedule]: register schedule E:\桌面\learning-effect\app-server\node_modules\egg-multipart\app\schedule\clean_tmpdir.js
2022-05-11 11:09:54,839 INFO 14012 [egg-schedule]: register schedule E:\桌面\learning-effect\app-server\node_modules\egg-logrotator\app\schedule\clean_log.js
2022-05-11 11:09:54,839 INFO 14012 [egg-schedule]: register schedule E:\桌面\learning-effect\app-server\node_modules\egg-logrotator\app\schedule\rotate_by_file.js
2022-05-11 11:10:00,738 INFO 36620 [egg-schedule]: register schedule E:\桌面\learning-effect\app-server\node_modules\egg-multipart\app\schedule\clean_tmpdir.js
2022-05-11 11:10:00,738 INFO 36620 [egg-schedule]: register schedule E:\桌面\learning-effect\app-server\node_modules\egg-logrotator\app\schedule\clean_log.js
2022-05-11 11:10:00,738 INFO 36620 [egg-schedule]: register schedule E:\桌面\learning-effect\app-server\node_modules\egg-logrotator\app\schedule\rotate_by_file.js
2022-05-11 11:10:07,480 INFO 31940 [egg-schedule]: register schedule E:\桌面\learning-effect\app-server\node_modules\egg-multipart\app\schedule\clean_tmpdir.js
2022-05-11 11:10:07,480 INFO 31940 [egg-schedule]: register schedule E:\桌面\learning-effect\app-server\node_modules\egg-logrotator\app\schedule\clean_log.js
2022-05-11 11:10:07,480 INFO 31940 [egg-schedule]: register schedule E:\桌面\learning-effect\app-server\node_modules\egg-logrotator\app\schedule\rotate_by_file.js
2022-05-11 11:11:08,958 INFO 34384 [egg-schedule]: register schedule E:\桌面\learning-effect\app-server\node_modules\egg-multipart\app\schedule\clean_tmpdir.js
2022-05-11 11:11:08,958 INFO 34384 [egg-schedule]: register schedule E:\桌面\learning-effect\app-server\node_modules\egg-logrotator\app\schedule\clean_log.js
2022-05-11 11:11:08,958 INFO 34384 [egg-schedule]: register schedule E:\桌面\learning-effect\app-server\node_modules\egg-logrotator\app\schedule\rotate_by_file.js
2022-05-11 11:11:12,436 INFO 36048 [egg-schedule]: register schedule E:\桌面\learning-effect\app-server\node_modules\egg-multipart\app\schedule\clean_tmpdir.js
2022-05-11 11:11:12,436 INFO 36048 [egg-schedule]: register schedule E:\桌面\learning-effect\app-server\node_modules\egg-logrotator\app\schedule\clean_log.js
2022-05-11 11:11:12,436 INFO 36048 [egg-schedule]: register schedule E:\桌面\learning-effect\app-server\node_modules\egg-logrotator\app\schedule\rotate_by_file.js
2022-05-11 11:11:44,509 INFO 35816 [egg-schedule]: register schedule E:\桌面\learning-effect\app-server\node_modules\egg-multipart\app\schedule\clean_tmpdir.js
2022-05-11 11:11:44,509 INFO 35816 [egg-schedule]: register schedule E:\桌面\learning-effect\app-server\node_modules\egg-logrotator\app\schedule\clean_log.js
2022-05-11 11:11:44,509 INFO 35816 [egg-schedule]: register schedule E:\桌面\learning-effect\app-server\node_modules\egg-logrotator\app\schedule\rotate_by_file.js
2022-05-11 11:11:50,888 INFO 31068 [egg-schedule]: register schedule E:\桌面\learning-effect\app-server\node_modules\egg-multipart\app\schedule\clean_tmpdir.js
2022-05-11 11:11:50,888 INFO 31068 [egg-schedule]: register schedule E:\桌面\learning-effect\app-server\node_modules\egg-logrotator\app\schedule\clean_log.js
2022-05-11 11:11:50,888 INFO 31068 [egg-schedule]: register schedule E:\桌面\learning-effect\app-server\node_modules\egg-logrotator\app\schedule\rotate_by_file.js
2022-05-11 11:11:54,770 INFO 244 [egg-schedule]: register schedule E:\桌面\learning-effect\app-server\node_modules\egg-multipart\app\schedule\clean_tmpdir.js
2022-05-11 11:11:54,770 INFO 244 [egg-schedule]: register schedule E:\桌面\learning-effect\app-server\node_modules\egg-logrotator\app\schedule\clean_log.js
2022-05-11 11:11:54,770 INFO 244 [egg-schedule]: register schedule E:\桌面\learning-effect\app-server\node_modules\egg-logrotator\app\schedule\rotate_by_file.js
2022-05-11 11:12:01,812 INFO 15120 [egg-schedule]: register schedule E:\桌面\learning-effect\app-server\node_modules\egg-multipart\app\schedule\clean_tmpdir.js
2022-05-11 11:12:01,812 INFO 15120 [egg-schedule]: register schedule E:\桌面\learning-effect\app-server\node_modules\egg-logrotator\app\schedule\clean_log.js
2022-05-11 11:12:01,812 INFO 15120 [egg-schedule]: register schedule E:\桌面\learning-effect\app-server\node_modules\egg-logrotator\app\schedule\rotate_by_file.js
2022-05-11 11:12:07,729 INFO 1512 [egg-schedule]: register schedule E:\桌面\learning-effect\app-server\node_modules\egg-multipart\app\schedule\clean_tmpdir.js
2022-05-11 11:12:07,729 INFO 1512 [egg-schedule]: register schedule E:\桌面\learning-effect\app-server\node_modules\egg-logrotator\app\schedule\clean_log.js
2022-05-11 11:12:07,729 INFO 1512 [egg-schedule]: register schedule E:\桌面\learning-effect\app-server\node_modules\egg-logrotator\app\schedule\rotate_by_file.js
2022-05-11 11:12:45,739 INFO 35480 [egg-schedule]: register schedule E:\桌面\learning-effect\app-server\node_modules\egg-multipart\app\schedule\clean_tmpdir.js
2022-05-11 11:12:45,739 INFO 35480 [egg-schedule]: register schedule E:\桌面\learning-effect\app-server\node_modules\egg-logrotator\app\schedule\clean_log.js
2022-05-11 11:12:45,739 INFO 35480 [egg-schedule]: register schedule E:\桌面\learning-effect\app-server\node_modules\egg-logrotator\app\schedule\rotate_by_file.js
2022-05-11 11:12:52,201 INFO 31116 [egg-schedule]: register schedule E:\桌面\learning-effect\app-server\node_modules\egg-multipart\app\schedule\clean_tmpdir.js
2022-05-11 11:12:52,201 INFO 31116 [egg-schedule]: register schedule E:\桌面\learning-effect\app-server\node_modules\egg-logrotator\app\schedule\clean_log.js
2022-05-11 11:12:52,201 INFO 31116 [egg-schedule]: register schedule E:\桌面\learning-effect\app-server\node_modules\egg-logrotator\app\schedule\rotate_by_file.js
2022-05-11 11:13:01,068 INFO 28412 [egg-schedule]: register schedule E:\桌面\learning-effect\app-server\node_modules\egg-multipart\app\schedule\clean_tmpdir.js
2022-05-11 11:13:01,068 INFO 28412 [egg-schedule]: register schedule E:\桌面\learning-effect\app-server\node_modules\egg-logrotator\app\schedule\clean_log.js
2022-05-11 11:13:01,068 INFO 28412 [egg-schedule]: register schedule E:\桌面\learning-effect\app-server\node_modules\egg-logrotator\app\schedule\rotate_by_file.js
2022-05-11 11:13:04,769 INFO 35028 [egg-schedule]: register schedule E:\桌面\learning-effect\app-server\node_modules\egg-multipart\app\schedule\clean_tmpdir.js
2022-05-11 11:13:04,769 INFO 35028 [egg-schedule]: register schedule E:\桌面\learning-effect\app-server\node_modules\egg-logrotator\app\schedule\clean_log.js
2022-05-11 11:13:04,769 INFO 35028 [egg-schedule]: register schedule E:\桌面\learning-effect\app-server\node_modules\egg-logrotator\app\schedule\rotate_by_file.js
2022-05-11 11:21:11,556 INFO 28952 [egg-schedule]: register schedule E:\桌面\learning-effect\app-server\node_modules\egg-multipart\app\schedule\clean_tmpdir.js
2022-05-11 11:21:11,556 INFO 28952 [egg-schedule]: register schedule E:\桌面\learning-effect\app-server\node_modules\egg-logrotator\app\schedule\clean_log.js
2022-05-11 11:21:11,556 INFO 28952 [egg-schedule]: register schedule E:\桌面\learning-effect\app-server\node_modules\egg-logrotator\app\schedule\rotate_by_file.js
2022-05-11 11:21:36,000 INFO 36816 [egg-schedule]: register schedule E:\桌面\learning-effect\app-server\node_modules\egg-multipart\app\schedule\clean_tmpdir.js
2022-05-11 11:21:36,001 INFO 36816 [egg-schedule]: register schedule E:\桌面\learning-effect\app-server\node_modules\egg-logrotator\app\schedule\clean_log.js
2022-05-11 11:21:36,001 INFO 36816 [egg-schedule]: register schedule E:\桌面\learning-effect\app-server\node_modules\egg-logrotator\app\schedule\rotate_by_file.js
2022-05-11 11:21:46,428 INFO 17132 [egg-schedule]: register schedule E:\桌面\learning-effect\app-server\node_modules\egg-multipart\app\schedule\clean_tmpdir.js
2022-05-11 11:21:46,428 INFO 17132 [egg-schedule]: register schedule E:\桌面\learning-effect\app-server\node_modules\egg-logrotator\app\schedule\clean_log.js
2022-05-11 11:21:46,428 INFO 17132 [egg-schedule]: register schedule E:\桌面\learning-effect\app-server\node_modules\egg-logrotator\app\schedule\rotate_by_file.js
2022-05-11 11:21:51,121 INFO 33504 [egg-schedule]: register schedule E:\桌面\learning-effect\app-server\node_modules\egg-multipart\app\schedule\clean_tmpdir.js
2022-05-11 11:21:51,121 INFO 33504 [egg-schedule]: register schedule E:\桌面\learning-effect\app-server\node_modules\egg-logrotator\app\schedule\clean_log.js
2022-05-11 11:21:51,121 INFO 33504 [egg-schedule]: register schedule E:\桌面\learning-effect\app-server\node_modules\egg-logrotator\app\schedule\rotate_by_file.js
2022-05-11 12:17:15,902 INFO 14752 [egg-schedule]: register schedule E:\桌面\learning-effect\app-server\node_modules\egg-multipart\app\schedule\clean_tmpdir.js
2022-05-11 12:17:15,903 INFO 14752 [egg-schedule]: register schedule E:\桌面\learning-effect\app-server\node_modules\egg-logrotator\app\schedule\clean_log.js
2022-05-11 12:17:15,903 INFO 14752 [egg-schedule]: register schedule E:\桌面\learning-effect\app-server\node_modules\egg-logrotator\app\schedule\rotate_by_file.js
2022-05-11 12:17:20,675 INFO 36216 [egg-schedule]: register schedule E:\桌面\learning-effect\app-server\node_modules\egg-multipart\app\schedule\clean_tmpdir.js
2022-05-11 12:17:20,675 INFO 36216 [egg-schedule]: register schedule E:\桌面\learning-effect\app-server\node_modules\egg-logrotator\app\schedule\clean_log.js
2022-05-11 12:17:20,675 INFO 36216 [egg-schedule]: register schedule E:\桌面\learning-effect\app-server\node_modules\egg-logrotator\app\schedule\rotate_by_file.js
2022-05-11 12:19:37,824 INFO 32800 [egg-schedule]: register schedule E:\桌面\learning-effect\app-server\node_modules\egg-multipart\app\schedule\clean_tmpdir.js
2022-05-11 12:19:37,824 INFO 32800 [egg-schedule]: register schedule E:\桌面\learning-effect\app-server\node_modules\egg-logrotator\app\schedule\clean_log.js
2022-05-11 12:19:37,824 INFO 32800 [egg-schedule]: register schedule E:\桌面\learning-effect\app-server\node_modules\egg-logrotator\app\schedule\rotate_by_file.js
2022-05-11 12:21:43,580 INFO 36368 [egg-schedule]: register schedule E:\桌面\learning-effect\app-server\node_modules\egg-multipart\app\schedule\clean_tmpdir.js
2022-05-11 12:21:43,580 INFO 36368 [egg-schedule]: register schedule E:\桌面\learning-effect\app-server\node_modules\egg-logrotator\app\schedule\clean_log.js
2022-05-11 12:21:43,580 INFO 36368 [egg-schedule]: register schedule E:\桌面\learning-effect\app-server\node_modules\egg-logrotator\app\schedule\rotate_by_file.js
2022-05-11 12:21:47,275 INFO 29608 [egg-schedule]: register schedule E:\桌面\learning-effect\app-server\node_modules\egg-multipart\app\schedule\clean_tmpdir.js
2022-05-11 12:21:47,275 INFO 29608 [egg-schedule]: register schedule E:\桌面\learning-effect\app-server\node_modules\egg-logrotator\app\schedule\clean_log.js
2022-05-11 12:21:47,275 INFO 29608 [egg-schedule]: register schedule E:\桌面\learning-effect\app-server\node_modules\egg-logrotator\app\schedule\rotate_by_file.js
2022-05-11 12:26:24,366 INFO 36352 [egg-schedule]: register schedule E:\桌面\learning-effect\app-server\node_modules\egg-multipart\app\schedule\clean_tmpdir.js
2022-05-11 12:26:24,366 INFO 36352 [egg-schedule]: register schedule E:\桌面\learning-effect\app-server\node_modules\egg-logrotator\app\schedule\clean_log.js
2022-05-11 12:26:24,366 INFO 36352 [egg-schedule]: register schedule E:\桌面\learning-effect\app-server\node_modules\egg-logrotator\app\schedule\rotate_by_file.js
2022-05-11 16:01:08,435 INFO 37008 [egg-schedule]: register schedule E:\桌面\learning-effect\app-server\node_modules\egg-multipart\app\schedule\clean_tmpdir.js
2022-05-11 16:01:08,435 INFO 37008 [egg-schedule]: register schedule E:\桌面\learning-effect\app-server\node_modules\egg-logrotator\app\schedule\clean_log.js
2022-05-11 16:01:08,435 INFO 37008 [egg-schedule]: register schedule E:\桌面\learning-effect\app-server\node_modules\egg-logrotator\app\schedule\rotate_by_file.js
2022-05-11 16:01:13,786 INFO 37580 [egg-schedule]: register schedule E:\桌面\learning-effect\app-server\node_modules\egg-multipart\app\schedule\clean_tmpdir.js
2022-05-11 16:01:13,786 INFO 37580 [egg-schedule]: register schedule E:\桌面\learning-effect\app-server\node_modules\egg-logrotator\app\schedule\clean_log.js
2022-05-11 16:01:13,786 INFO 37580 [egg-schedule]: register schedule E:\桌面\learning-effect\app-server\node_modules\egg-logrotator\app\schedule\rotate_by_file.js
2022-05-11 16:01:17,859 INFO 36020 [egg-schedule]: register schedule E:\桌面\learning-effect\app-server\node_modules\egg-multipart\app\schedule\clean_tmpdir.js
2022-05-11 16:01:17,859 INFO 36020 [egg-schedule]: register schedule E:\桌面\learning-effect\app-server\node_modules\egg-logrotator\app\schedule\clean_log.js
2022-05-11 16:01:17,859 INFO 36020 [egg-schedule]: register schedule E:\桌面\learning-effect\app-server\node_modules\egg-logrotator\app\schedule\rotate_by_file.js
2022-05-11 17:03:27,621 INFO 37104 [egg-schedule]: register schedule E:\桌面\learning-effect\app-server\node_modules\egg-multipart\app\schedule\clean_tmpdir.js
2022-05-11 17:03:27,621 INFO 37104 [egg-schedule]: register schedule E:\桌面\learning-effect\app-server\node_modules\egg-logrotator\app\schedule\clean_log.js
2022-05-11 17:03:27,621 INFO 37104 [egg-schedule]: register schedule E:\桌面\learning-effect\app-server\node_modules\egg-logrotator\app\schedule\rotate_by_file.js
2022-05-11 17:03:32,368 INFO 31192 [egg-schedule]: register schedule E:\桌面\learning-effect\app-server\node_modules\egg-multipart\app\schedule\clean_tmpdir.js
2022-05-11 17:03:32,368 INFO 31192 [egg-schedule]: register schedule E:\桌面\learning-effect\app-server\node_modules\egg-logrotator\app\schedule\clean_log.js
2022-05-11 17:03:32,368 INFO 31192 [egg-schedule]: register schedule E:\桌面\learning-effect\app-server\node_modules\egg-logrotator\app\schedule\rotate_by_file.js
2022-05-11 17:03:35,889 INFO 35224 [egg-schedule]: register schedule E:\桌面\learning-effect\app-server\node_modules\egg-multipart\app\schedule\clean_tmpdir.js
2022-05-11 17:03:35,889 INFO 35224 [egg-schedule]: register schedule E:\桌面\learning-effect\app-server\node_modules\egg-logrotator\app\schedule\clean_log.js
2022-05-11 17:03:35,889 INFO 35224 [egg-schedule]: register schedule E:\桌面\learning-effect\app-server\node_modules\egg-logrotator\app\schedule\rotate_by_file.js
2022-05-11 19:41:49,152 INFO 12848 [egg-schedule]: register schedule C:\Users\Administrator\Desktop\新建文件夹\learning-effect\app-server\node_modules\egg-multipart\app\schedule\clean_tmpdir.js
2022-05-11 19:41:49,152 INFO 12848 [egg-schedule]: register schedule C:\Users\Administrator\Desktop\新建文件夹\learning-effect\app-server\node_modules\egg-logrotator\app\schedule\clean_log.js
2022-05-11 19:41:49,152 INFO 12848 [egg-schedule]: register schedule C:\Users\Administrator\Desktop\新建文件夹\learning-effect\app-server\node_modules\egg-logrotator\app\schedule\rotate_by_file.js
2022-05-11 19:41:51,010 INFO 17148 [Timer] C:\Users\Administrator\Desktop\新建文件夹\learning-effect\app-server\node_modules\egg-multipart\app\schedule\clean_tmpdir.js next time will execute after 31688993ms at 2022-05-12 04:30:00.003
2022-05-11 19:41:51,010 INFO 17148 [Timer] C:\Users\Administrator\Desktop\新建文件夹\learning-effect\app-server\node_modules\egg-logrotator\app\schedule\clean_log.js next time will execute after 15488990ms at 2022-05-12 00:00:00.000
2022-05-11 19:41:51,011 INFO 17148 [Timer] C:\Users\Administrator\Desktop\新建文件夹\learning-effect\app-server\node_modules\egg-logrotator\app\schedule\rotate_by_file.js next time will execute after 15489990ms at 2022-05-12 00:00:01.001
2022-05-11 19:49:59,808 INFO 12656 [egg-schedule]: register schedule C:\Users\Administrator\Desktop\新建文件夹\learning-effect\app-server\node_modules\egg-multipart\app\schedule\clean_tmpdir.js
2022-05-11 19:49:59,808 INFO 12656 [egg-schedule]: register schedule C:\Users\Administrator\Desktop\新建文件夹\learning-effect\app-server\node_modules\egg-logrotator\app\schedule\clean_log.js
2022-05-11 19:49:59,808 INFO 12656 [egg-schedule]: register schedule C:\Users\Administrator\Desktop\新建文件夹\learning-effect\app-server\node_modules\egg-logrotator\app\schedule\rotate_by_file.js
2022-05-11 19:53:47,702 INFO 10444 [egg-schedule]: register schedule C:\Users\Administrator\Desktop\新建文件夹\learning-effect\app-server\node_modules\egg-multipart\app\schedule\clean_tmpdir.js
2022-05-11 19:53:47,702 INFO 10444 [egg-schedule]: register schedule C:\Users\Administrator\Desktop\新建文件夹\learning-effect\app-server\node_modules\egg-logrotator\app\schedule\clean_log.js
2022-05-11 19:53:47,702 INFO 10444 [egg-schedule]: register schedule C:\Users\Administrator\Desktop\新建文件夹\learning-effect\app-server\node_modules\egg-logrotator\app\schedule\rotate_by_file.js
2022-05-11 19:55:12,253 INFO 11268 [egg-schedule]: register schedule C:\Users\Administrator\Desktop\新建文件夹\learning-effect\app-server\node_modules\egg-multipart\app\schedule\clean_tmpdir.js
2022-05-11 19:55:12,253 INFO 11268 [egg-schedule]: register schedule C:\Users\Administrator\Desktop\新建文件夹\learning-effect\app-server\node_modules\egg-logrotator\app\schedule\clean_log.js
2022-05-11 19:55:12,253 INFO 11268 [egg-schedule]: register schedule C:\Users\Administrator\Desktop\新建文件夹\learning-effect\app-server\node_modules\egg-logrotator\app\schedule\rotate_by_file.js
2022-05-11 19:55:43,180 INFO 5912 [egg-schedule]: register schedule C:\Users\Administrator\Desktop\新建文件夹\learning-effect\app-server\node_modules\egg-multipart\app\schedule\clean_tmpdir.js
2022-05-11 19:55:43,180 INFO 5912 [egg-schedule]: register schedule C:\Users\Administrator\Desktop\新建文件夹\learning-effect\app-server\node_modules\egg-logrotator\app\schedule\clean_log.js
2022-05-11 19:55:43,180 INFO 5912 [egg-schedule]: register schedule C:\Users\Administrator\Desktop\新建文件夹\learning-effect\app-server\node_modules\egg-logrotator\app\schedule\rotate_by_file.js
2022-05-11 19:55:56,166 INFO 7408 [egg-schedule]: register schedule C:\Users\Administrator\Desktop\新建文件夹\learning-effect\app-server\node_modules\egg-multipart\app\schedule\clean_tmpdir.js
2022-05-11 19:55:56,166 INFO 7408 [egg-schedule]: register schedule C:\Users\Administrator\Desktop\新建文件夹\learning-effect\app-server\node_modules\egg-logrotator\app\schedule\clean_log.js
2022-05-11 19:55:56,166 INFO 7408 [egg-schedule]: register schedule C:\Users\Administrator\Desktop\新建文件夹\learning-effect\app-server\node_modules\egg-logrotator\app\schedule\rotate_by_file.js
2022-05-11 19:56:20,006 INFO 14300 [egg-schedule]: register schedule C:\Users\Administrator\Desktop\新建文件夹\learning-effect\app-server\node_modules\egg-multipart\app\schedule\clean_tmpdir.js
2022-05-11 19:56:20,006 INFO 14300 [egg-schedule]: register schedule C:\Users\Administrator\Desktop\新建文件夹\learning-effect\app-server\node_modules\egg-logrotator\app\schedule\clean_log.js
2022-05-11 19:56:20,006 INFO 14300 [egg-schedule]: register schedule C:\Users\Administrator\Desktop\新建文件夹\learning-effect\app-server\node_modules\egg-logrotator\app\schedule\rotate_by_file.js
2022-05-11 19:57:59,988 INFO 1236 [egg-schedule]: register schedule C:\Users\Administrator\Desktop\新建文件夹\learning-effect\app-server\node_modules\egg-multipart\app\schedule\clean_tmpdir.js
2022-05-11 19:57:59,988 INFO 1236 [egg-schedule]: register schedule C:\Users\Administrator\Desktop\新建文件夹\learning-effect\app-server\node_modules\egg-logrotator\app\schedule\clean_log.js
2022-05-11 19:57:59,988 INFO 1236 [egg-schedule]: register schedule C:\Users\Administrator\Desktop\新建文件夹\learning-effect\app-server\node_modules\egg-logrotator\app\schedule\rotate_by_file.js
2022-05-11 19:58:05,328 INFO 9788 [egg-schedule]: register schedule C:\Users\Administrator\Desktop\新建文件夹\learning-effect\app-server\node_modules\egg-multipart\app\schedule\clean_tmpdir.js
2022-05-11 19:58:05,328 INFO 9788 [egg-schedule]: register schedule C:\Users\Administrator\Desktop\新建文件夹\learning-effect\app-server\node_modules\egg-logrotator\app\schedule\clean_log.js
2022-05-11 19:58:05,328 INFO 9788 [egg-schedule]: register schedule C:\Users\Administrator\Desktop\新建文件夹\learning-effect\app-server\node_modules\egg-logrotator\app\schedule\rotate_by_file.js
2022-05-11 19:58:08,298 INFO 12160 [egg-schedule]: register schedule C:\Users\Administrator\Desktop\新建文件夹\learning-effect\app-server\node_modules\egg-multipart\app\schedule\clean_tmpdir.js
2022-05-11 19:58:08,298 INFO 12160 [egg-schedule]: register schedule C:\Users\Administrator\Desktop\新建文件夹\learning-effect\app-server\node_modules\egg-logrotator\app\schedule\clean_log.js
2022-05-11 19:58:08,298 INFO 12160 [egg-schedule]: register schedule C:\Users\Administrator\Desktop\新建文件夹\learning-effect\app-server\node_modules\egg-logrotator\app\schedule\rotate_by_file.js
2022-05-11 20:08:09,052 INFO 14704 [egg-schedule]: register schedule C:\Users\Administrator\Desktop\新建文件夹\learning-effect\app-server\node_modules\egg-multipart\app\schedule\clean_tmpdir.js
2022-05-11 20:08:09,052 INFO 14704 [egg-schedule]: register schedule C:\Users\Administrator\Desktop\新建文件夹\learning-effect\app-server\node_modules\egg-logrotator\app\schedule\clean_log.js
2022-05-11 20:08:09,052 INFO 14704 [egg-schedule]: register schedule C:\Users\Administrator\Desktop\新建文件夹\learning-effect\app-server\node_modules\egg-logrotator\app\schedule\rotate_by_file.js
2022-05-11 20:08:10,314 INFO 13148 [Timer] C:\Users\Administrator\Desktop\新建文件夹\learning-effect\app-server\node_modules\egg-multipart\app\schedule\clean_tmpdir.js next time will execute after 30109689ms at 2022-05-12 04:30:00.003
2022-05-11 20:08:10,315 INFO 13148 [Timer] C:\Users\Administrator\Desktop\新建文件夹\learning-effect\app-server\node_modules\egg-logrotator\app\schedule\clean_log.js next time will execute after 13909685ms at 2022-05-12 00:00:00.000
2022-05-11 20:08:10,315 INFO 13148 [Timer] C:\Users\Administrator\Desktop\新建文件夹\learning-effect\app-server\node_modules\egg-logrotator\app\schedule\rotate_by_file.js next time will execute after 13910685ms at 2022-05-12 00:00:01.000
2022-05-11 20:12:14,988 INFO 13636 [egg-schedule]: register schedule C:\Users\Administrator\Desktop\新建文件夹\learning-effect\app-server\node_modules\egg-multipart\app\schedule\clean_tmpdir.js
2022-05-11 20:12:14,988 INFO 13636 [egg-schedule]: register schedule C:\Users\Administrator\Desktop\新建文件夹\learning-effect\app-server\node_modules\egg-logrotator\app\schedule\clean_log.js
2022-05-11 20:12:14,988 INFO 13636 [egg-schedule]: register schedule C:\Users\Administrator\Desktop\新建文件夹\learning-effect\app-server\node_modules\egg-logrotator\app\schedule\rotate_by_file.js
2022-05-11 20:12:32,049 INFO 12204 [egg-schedule]: register schedule C:\Users\Administrator\Desktop\新建文件夹\learning-effect\app-server\node_modules\egg-multipart\app\schedule\clean_tmpdir.js
2022-05-11 20:12:32,049 INFO 12204 [egg-schedule]: register schedule C:\Users\Administrator\Desktop\新建文件夹\learning-effect\app-server\node_modules\egg-logrotator\app\schedule\clean_log.js
2022-05-11 20:12:32,049 INFO 12204 [egg-schedule]: register schedule C:\Users\Administrator\Desktop\新建文件夹\learning-effect\app-server\node_modules\egg-logrotator\app\schedule\rotate_by_file.js
2022-05-11 20:12:40,537 INFO 14728 [egg-schedule]: register schedule C:\Users\Administrator\Desktop\新建文件夹\learning-effect\app-server\node_modules\egg-multipart\app\schedule\clean_tmpdir.js
2022-05-11 20:12:40,537 INFO 14728 [egg-schedule]: register schedule C:\Users\Administrator\Desktop\新建文件夹\learning-effect\app-server\node_modules\egg-logrotator\app\schedule\clean_log.js
2022-05-11 20:12:40,537 INFO 14728 [egg-schedule]: register schedule C:\Users\Administrator\Desktop\新建文件夹\learning-effect\app-server\node_modules\egg-logrotator\app\schedule\rotate_by_file.js
2022-05-11 20:16:13,580 INFO 9260 [egg-schedule]: register schedule C:\Users\Administrator\Desktop\新建文件夹\learning-effect\app-server\node_modules\egg-multipart\app\schedule\clean_tmpdir.js
2022-05-11 20:16:13,580 INFO 9260 [egg-schedule]: register schedule C:\Users\Administrator\Desktop\新建文件夹\learning-effect\app-server\node_modules\egg-logrotator\app\schedule\clean_log.js
2022-05-11 20:16:13,581 INFO 9260 [egg-schedule]: register schedule C:\Users\Administrator\Desktop\新建文件夹\learning-effect\app-server\node_modules\egg-logrotator\app\schedule\rotate_by_file.js
2022-05-11 20:16:16,244 INFO 5460 [egg-schedule]: register schedule C:\Users\Administrator\Desktop\新建文件夹\learning-effect\app-server\node_modules\egg-multipart\app\schedule\clean_tmpdir.js
2022-05-11 20:16:16,244 INFO 5460 [egg-schedule]: register schedule C:\Users\Administrator\Desktop\新建文件夹\learning-effect\app-server\node_modules\egg-logrotator\app\schedule\clean_log.js
2022-05-11 20:16:16,244 INFO 5460 [egg-schedule]: register schedule C:\Users\Administrator\Desktop\新建文件夹\learning-effect\app-server\node_modules\egg-logrotator\app\schedule\rotate_by_file.js
2022-05-11 20:18:10,642 INFO 3544 [egg-schedule]: register schedule C:\Users\Administrator\Desktop\新建文件夹\learning-effect\app-server\node_modules\egg-multipart\app\schedule\clean_tmpdir.js
2022-05-11 20:18:10,642 INFO 3544 [egg-schedule]: register schedule C:\Users\Administrator\Desktop\新建文件夹\learning-effect\app-server\node_modules\egg-logrotator\app\schedule\clean_log.js
2022-05-11 20:18:10,642 INFO 3544 [egg-schedule]: register schedule C:\Users\Administrator\Desktop\新建文件夹\learning-effect\app-server\node_modules\egg-logrotator\app\schedule\rotate_by_file.js
2022-05-11 20:18:13,845 INFO 9760 [egg-schedule]: register schedule C:\Users\Administrator\Desktop\新建文件夹\learning-effect\app-server\node_modules\egg-multipart\app\schedule\clean_tmpdir.js
2022-05-11 20:18:13,845 INFO 9760 [egg-schedule]: register schedule C:\Users\Administrator\Desktop\新建文件夹\learning-effect\app-server\node_modules\egg-logrotator\app\schedule\clean_log.js
2022-05-11 20:18:13,845 INFO 9760 [egg-schedule]: register schedule C:\Users\Administrator\Desktop\新建文件夹\learning-effect\app-server\node_modules\egg-logrotator\app\schedule\rotate_by_file.js
2022-05-11 20:18:16,305 INFO 9364 [egg-schedule]: register schedule C:\Users\Administrator\Desktop\新建文件夹\learning-effect\app-server\node_modules\egg-multipart\app\schedule\clean_tmpdir.js
2022-05-11 20:18:16,305 INFO 9364 [egg-schedule]: register schedule C:\Users\Administrator\Desktop\新建文件夹\learning-effect\app-server\node_modules\egg-logrotator\app\schedule\clean_log.js
2022-05-11 20:18:16,305 INFO 9364 [egg-schedule]: register schedule C:\Users\Administrator\Desktop\新建文件夹\learning-effect\app-server\node_modules\egg-logrotator\app\schedule\rotate_by_file.js
2022-05-11 20:18:30,886 INFO 9176 [egg-schedule]: register schedule C:\Users\Administrator\Desktop\新建文件夹\learning-effect\app-server\node_modules\egg-multipart\app\schedule\clean_tmpdir.js
2022-05-11 20:18:30,886 INFO 9176 [egg-schedule]: register schedule C:\Users\Administrator\Desktop\新建文件夹\learning-effect\app-server\node_modules\egg-logrotator\app\schedule\clean_log.js
2022-05-11 20:18:30,886 INFO 9176 [egg-schedule]: register schedule C:\Users\Administrator\Desktop\新建文件夹\learning-effect\app-server\node_modules\egg-logrotator\app\schedule\rotate_by_file.js
2022-05-11 20:18:54,280 INFO 5736 [egg-schedule]: register schedule C:\Users\Administrator\Desktop\新建文件夹\learning-effect\app-server\node_modules\egg-multipart\app\schedule\clean_tmpdir.js
2022-05-11 20:18:54,280 INFO 5736 [egg-schedule]: register schedule C:\Users\Administrator\Desktop\新建文件夹\learning-effect\app-server\node_modules\egg-logrotator\app\schedule\clean_log.js
2022-05-11 20:18:54,280 INFO 5736 [egg-schedule]: register schedule C:\Users\Administrator\Desktop\新建文件夹\learning-effect\app-server\node_modules\egg-logrotator\app\schedule\rotate_by_file.js
2022-05-11 20:18:57,416 INFO 7688 [egg-schedule]: register schedule C:\Users\Administrator\Desktop\新建文件夹\learning-effect\app-server\node_modules\egg-multipart\app\schedule\clean_tmpdir.js
2022-05-11 20:18:57,416 INFO 7688 [egg-schedule]: register schedule C:\Users\Administrator\Desktop\新建文件夹\learning-effect\app-server\node_modules\egg-logrotator\app\schedule\clean_log.js
2022-05-11 20:18:57,416 INFO 7688 [egg-schedule]: register schedule C:\Users\Administrator\Desktop\新建文件夹\learning-effect\app-server\node_modules\egg-logrotator\app\schedule\rotate_by_file.js
2022-05-11 20:19:08,495 INFO 7100 [egg-schedule]: register schedule C:\Users\Administrator\Desktop\新建文件夹\learning-effect\app-server\node_modules\egg-multipart\app\schedule\clean_tmpdir.js
2022-05-11 20:19:08,495 INFO 7100 [egg-schedule]: register schedule C:\Users\Administrator\Desktop\新建文件夹\learning-effect\app-server\node_modules\egg-logrotator\app\schedule\clean_log.js
2022-05-11 20:19:08,495 INFO 7100 [egg-schedule]: register schedule C:\Users\Administrator\Desktop\新建文件夹\learning-effect\app-server\node_modules\egg-logrotator\app\schedule\rotate_by_file.js
2022-05-11 20:19:11,189 INFO 15112 [egg-schedule]: register schedule C:\Users\Administrator\Desktop\新建文件夹\learning-effect\app-server\node_modules\egg-multipart\app\schedule\clean_tmpdir.js
2022-05-11 20:19:11,189 INFO 15112 [egg-schedule]: register schedule C:\Users\Administrator\Desktop\新建文件夹\learning-effect\app-server\node_modules\egg-logrotator\app\schedule\clean_log.js
2022-05-11 20:19:11,190 INFO 15112 [egg-schedule]: register schedule C:\Users\Administrator\Desktop\新建文件夹\learning-effect\app-server\node_modules\egg-logrotator\app\schedule\rotate_by_file.js
2022-05-11 20:20:54,709 INFO 8028 [egg-schedule]: register schedule C:\Users\Administrator\Desktop\新建文件夹\learning-effect\app-server\node_modules\egg-multipart\app\schedule\clean_tmpdir.js
2022-05-11 20:20:54,709 INFO 8028 [egg-schedule]: register schedule C:\Users\Administrator\Desktop\新建文件夹\learning-effect\app-server\node_modules\egg-logrotator\app\schedule\clean_log.js
2022-05-11 20:20:54,709 INFO 8028 [egg-schedule]: register schedule C:\Users\Administrator\Desktop\新建文件夹\learning-effect\app-server\node_modules\egg-logrotator\app\schedule\rotate_by_file.js
2022-05-11 20:21:20,322 INFO 16924 [egg-schedule]: register schedule C:\Users\Administrator\Desktop\新建文件夹\learning-effect\app-server\node_modules\egg-multipart\app\schedule\clean_tmpdir.js
2022-05-11 20:21:20,322 INFO 16924 [egg-schedule]: register schedule C:\Users\Administrator\Desktop\新建文件夹\learning-effect\app-server\node_modules\egg-logrotator\app\schedule\clean_log.js
2022-05-11 20:21:20,322 INFO 16924 [egg-schedule]: register schedule C:\Users\Administrator\Desktop\新建文件夹\learning-effect\app-server\node_modules\egg-logrotator\app\schedule\rotate_by_file.js
2022-05-11 20:23:06,716 INFO 14396 [egg-schedule]: register schedule C:\Users\Administrator\Desktop\新建文件夹\learning-effect\app-server\node_modules\egg-multipart\app\schedule\clean_tmpdir.js
2022-05-11 20:23:06,716 INFO 14396 [egg-schedule]: register schedule C:\Users\Administrator\Desktop\新建文件夹\learning-effect\app-server\node_modules\egg-logrotator\app\schedule\clean_log.js
2022-05-11 20:23:06,716 INFO 14396 [egg-schedule]: register schedule C:\Users\Administrator\Desktop\新建文件夹\learning-effect\app-server\node_modules\egg-logrotator\app\schedule\rotate_by_file.js
2022-05-11 20:23:19,736 INFO 2008 [egg-schedule]: register schedule C:\Users\Administrator\Desktop\新建文件夹\learning-effect\app-server\node_modules\egg-multipart\app\schedule\clean_tmpdir.js
2022-05-11 20:23:19,736 INFO 2008 [egg-schedule]: register schedule C:\Users\Administrator\Desktop\新建文件夹\learning-effect\app-server\node_modules\egg-logrotator\app\schedule\clean_log.js
2022-05-11 20:23:19,736 INFO 2008 [egg-schedule]: register schedule C:\Users\Administrator\Desktop\新建文件夹\learning-effect\app-server\node_modules\egg-logrotator\app\schedule\rotate_by_file.js
2022-05-11 20:23:21,135 INFO 15180 [Timer] C:\Users\Administrator\Desktop\新建文件夹\learning-effect\app-server\node_modules\egg-multipart\app\schedule\clean_tmpdir.js next time will execute after 29198870ms at 2022-05-12 04:30:00.005
2022-05-11 20:23:21,135 INFO 15180 [Timer] C:\Users\Administrator\Desktop\新建文件夹\learning-effect\app-server\node_modules\egg-logrotator\app\schedule\clean_log.js next time will execute after 12998865ms at 2022-05-12 00:00:00.000
2022-05-11 20:23:21,136 INFO 15180 [Timer] C:\Users\Administrator\Desktop\新建文件夹\learning-effect\app-server\node_modules\egg-logrotator\app\schedule\rotate_by_file.js next time will execute after 12999865ms at 2022-05-12 00:00:01.000
2022-05-11 20:27:23,172 INFO 10644 [egg-schedule]: register schedule C:\Users\Administrator\Desktop\新建文件夹\learning-effect\app-server\node_modules\egg-multipart\app\schedule\clean_tmpdir.js
2022-05-11 20:27:23,172 INFO 10644 [egg-schedule]: register schedule C:\Users\Administrator\Desktop\新建文件夹\learning-effect\app-server\node_modules\egg-logrotator\app\schedule\clean_log.js
2022-05-11 20:27:23,172 INFO 10644 [egg-schedule]: register schedule C:\Users\Administrator\Desktop\新建文件夹\learning-effect\app-server\node_modules\egg-logrotator\app\schedule\rotate_by_file.js
2022-05-11 20:27:26,110 INFO 12848 [egg-schedule]: register schedule C:\Users\Administrator\Desktop\新建文件夹\learning-effect\app-server\node_modules\egg-multipart\app\schedule\clean_tmpdir.js
2022-05-11 20:27:26,110 INFO 12848 [egg-schedule]: register schedule C:\Users\Administrator\Desktop\新建文件夹\learning-effect\app-server\node_modules\egg-logrotator\app\schedule\clean_log.js
2022-05-11 20:27:26,110 INFO 12848 [egg-schedule]: register schedule C:\Users\Administrator\Desktop\新建文件夹\learning-effect\app-server\node_modules\egg-logrotator\app\schedule\rotate_by_file.js
2022-05-11 20:30:52,454 INFO 12600 [egg-schedule]: register schedule C:\Users\Administrator\Desktop\新建文件夹\learning-effect\app-server\node_modules\egg-multipart\app\schedule\clean_tmpdir.js
2022-05-11 20:30:52,454 INFO 12600 [egg-schedule]: register schedule C:\Users\Administrator\Desktop\新建文件夹\learning-effect\app-server\node_modules\egg-logrotator\app\schedule\clean_log.js
2022-05-11 20:30:52,454 INFO 12600 [egg-schedule]: register schedule C:\Users\Administrator\Desktop\新建文件夹\learning-effect\app-server\node_modules\egg-logrotator\app\schedule\rotate_by_file.js
2022-05-11 20:30:57,030 INFO 8916 [egg-schedule]: register schedule C:\Users\Administrator\Desktop\新建文件夹\learning-effect\app-server\node_modules\egg-multipart\app\schedule\clean_tmpdir.js
2022-05-11 20:30:57,030 INFO 8916 [egg-schedule]: register schedule C:\Users\Administrator\Desktop\新建文件夹\learning-effect\app-server\node_modules\egg-logrotator\app\schedule\clean_log.js
2022-05-11 20:30:57,030 INFO 8916 [egg-schedule]: register schedule C:\Users\Administrator\Desktop\新建文件夹\learning-effect\app-server\node_modules\egg-logrotator\app\schedule\rotate_by_file.js
2022-05-11 20:30:59,465 INFO 6060 [egg-schedule]: register schedule C:\Users\Administrator\Desktop\新建文件夹\learning-effect\app-server\node_modules\egg-multipart\app\schedule\clean_tmpdir.js
2022-05-11 20:30:59,465 INFO 6060 [egg-schedule]: register schedule C:\Users\Administrator\Desktop\新建文件夹\learning-effect\app-server\node_modules\egg-logrotator\app\schedule\clean_log.js
2022-05-11 20:30:59,465 INFO 6060 [egg-schedule]: register schedule C:\Users\Administrator\Desktop\新建文件夹\learning-effect\app-server\node_modules\egg-logrotator\app\schedule\rotate_by_file.js
2022-05-11 20:32:02,519 INFO 11728 [egg-schedule]: register schedule C:\Users\Administrator\Desktop\新建文件夹\learning-effect\app-server\node_modules\egg-multipart\app\schedule\clean_tmpdir.js
2022-05-11 20:32:02,519 INFO 11728 [egg-schedule]: register schedule C:\Users\Administrator\Desktop\新建文件夹\learning-effect\app-server\node_modules\egg-logrotator\app\schedule\clean_log.js
2022-05-11 20:32:02,519 INFO 11728 [egg-schedule]: register schedule C:\Users\Administrator\Desktop\新建文件夹\learning-effect\app-server\node_modules\egg-logrotator\app\schedule\rotate_by_file.js
2022-05-11 20:32:04,961 INFO 13788 [egg-schedule]: register schedule C:\Users\Administrator\Desktop\新建文件夹\learning-effect\app-server\node_modules\egg-multipart\app\schedule\clean_tmpdir.js
2022-05-11 20:32:04,961 INFO 13788 [egg-schedule]: register schedule C:\Users\Administrator\Desktop\新建文件夹\learning-effect\app-server\node_modules\egg-logrotator\app\schedule\clean_log.js
2022-05-11 20:32:04,961 INFO 13788 [egg-schedule]: register schedule C:\Users\Administrator\Desktop\新建文件夹\learning-effect\app-server\node_modules\egg-logrotator\app\schedule\rotate_by_file.js
2022-05-11 20:32:21,183 INFO 10192 [egg-schedule]: register schedule C:\Users\Administrator\Desktop\新建文件夹\learning-effect\app-server\node_modules\egg-multipart\app\schedule\clean_tmpdir.js
2022-05-11 20:32:21,183 INFO 10192 [egg-schedule]: register schedule C:\Users\Administrator\Desktop\新建文件夹\learning-effect\app-server\node_modules\egg-logrotator\app\schedule\clean_log.js
2022-05-11 20:32:21,183 INFO 10192 [egg-schedule]: register schedule C:\Users\Administrator\Desktop\新建文件夹\learning-effect\app-server\node_modules\egg-logrotator\app\schedule\rotate_by_file.js
2022-05-11 20:41:17,707 INFO 14468 [egg-schedule]: register schedule C:\Users\Administrator\Desktop\新建文件夹\learning-effect\app-server\node_modules\egg-multipart\app\schedule\clean_tmpdir.js
2022-05-11 20:41:17,707 INFO 14468 [egg-schedule]: register schedule C:\Users\Administrator\Desktop\新建文件夹\learning-effect\app-server\node_modules\egg-logrotator\app\schedule\clean_log.js
2022-05-11 20:41:17,707 INFO 14468 [egg-schedule]: register schedule C:\Users\Administrator\Desktop\新建文件夹\learning-effect\app-server\node_modules\egg-logrotator\app\schedule\rotate_by_file.js
2022-05-11 20:41:20,717 INFO 12924 [egg-schedule]: register schedule C:\Users\Administrator\Desktop\新建文件夹\learning-effect\app-server\node_modules\egg-multipart\app\schedule\clean_tmpdir.js
2022-05-11 20:41:20,717 INFO 12924 [egg-schedule]: register schedule C:\Users\Administrator\Desktop\新建文件夹\learning-effect\app-server\node_modules\egg-logrotator\app\schedule\clean_log.js
2022-05-11 20:41:20,717 INFO 12924 [egg-schedule]: register schedule C:\Users\Administrator\Desktop\新建文件夹\learning-effect\app-server\node_modules\egg-logrotator\app\schedule\rotate_by_file.js
2022-05-11 20:41:22,922 INFO 9160 [egg-schedule]: register schedule C:\Users\Administrator\Desktop\新建文件夹\learning-effect\app-server\node_modules\egg-multipart\app\schedule\clean_tmpdir.js
2022-05-11 20:41:22,922 INFO 9160 [egg-schedule]: register schedule C:\Users\Administrator\Desktop\新建文件夹\learning-effect\app-server\node_modules\egg-logrotator\app\schedule\clean_log.js
2022-05-11 20:41:22,922 INFO 9160 [egg-schedule]: register schedule C:\Users\Administrator\Desktop\新建文件夹\learning-effect\app-server\node_modules\egg-logrotator\app\schedule\rotate_by_file.js
2022-05-11 20:45:48,723 INFO 16180 [egg-schedule]: register schedule C:\Users\Administrator\Desktop\新建文件夹\learning-effect\app-server\node_modules\egg-multipart\app\schedule\clean_tmpdir.js
2022-05-11 20:45:48,723 INFO 16180 [egg-schedule]: register schedule C:\Users\Administrator\Desktop\新建文件夹\learning-effect\app-server\node_modules\egg-logrotator\app\schedule\clean_log.js
2022-05-11 20:45:48,723 INFO 16180 [egg-schedule]: register schedule C:\Users\Administrator\Desktop\新建文件夹\learning-effect\app-server\node_modules\egg-logrotator\app\schedule\rotate_by_file.js
2022-05-11 20:45:59,358 INFO 1116 [egg-schedule]: register schedule C:\Users\Administrator\Desktop\新建文件夹\learning-effect\app-server\node_modules\egg-multipart\app\schedule\clean_tmpdir.js
2022-05-11 20:45:59,358 INFO 1116 [egg-schedule]: register schedule C:\Users\Administrator\Desktop\新建文件夹\learning-effect\app-server\node_modules\egg-logrotator\app\schedule\clean_log.js
2022-05-11 20:45:59,358 INFO 1116 [egg-schedule]: register schedule C:\Users\Administrator\Desktop\新建文件夹\learning-effect\app-server\node_modules\egg-logrotator\app\schedule\rotate_by_file.js
2022-05-11 20:46:51,055 INFO 8200 [egg-schedule]: register schedule C:\Users\Administrator\Desktop\新建文件夹\learning-effect\app-server\node_modules\egg-multipart\app\schedule\clean_tmpdir.js
2022-05-11 20:46:51,056 INFO 8200 [egg-schedule]: register schedule C:\Users\Administrator\Desktop\新建文件夹\learning-effect\app-server\node_modules\egg-logrotator\app\schedule\clean_log.js
2022-05-11 20:46:51,056 INFO 8200 [egg-schedule]: register schedule C:\Users\Administrator\Desktop\新建文件夹\learning-effect\app-server\node_modules\egg-logrotator\app\schedule\rotate_by_file.js
2022-05-11 20:46:56,687 INFO 11192 [egg-schedule]: register schedule C:\Users\Administrator\Desktop\新建文件夹\learning-effect\app-server\node_modules\egg-multipart\app\schedule\clean_tmpdir.js
2022-05-11 20:46:56,687 INFO 11192 [egg-schedule]: register schedule C:\Users\Administrator\Desktop\新建文件夹\learning-effect\app-server\node_modules\egg-logrotator\app\schedule\clean_log.js
2022-05-11 20:46:56,687 INFO 11192 [egg-schedule]: register schedule C:\Users\Administrator\Desktop\新建文件夹\learning-effect\app-server\node_modules\egg-logrotator\app\schedule\rotate_by_file.js
2022-05-11 20:49:46,119 INFO 15240 [egg-schedule]: register schedule C:\Users\Administrator\Desktop\新建文件夹\learning-effect\app-server\node_modules\egg-multipart\app\schedule\clean_tmpdir.js
2022-05-11 20:49:46,119 INFO 15240 [egg-schedule]: register schedule C:\Users\Administrator\Desktop\新建文件夹\learning-effect\app-server\node_modules\egg-logrotator\app\schedule\clean_log.js
2022-05-11 20:49:46,119 INFO 15240 [egg-schedule]: register schedule C:\Users\Administrator\Desktop\新建文件夹\learning-effect\app-server\node_modules\egg-logrotator\app\schedule\rotate_by_file.js
2022-05-11 20:50:03,135 INFO 8248 [egg-schedule]: register schedule C:\Users\Administrator\Desktop\新建文件夹\learning-effect\app-server\node_modules\egg-multipart\app\schedule\clean_tmpdir.js
2022-05-11 20:50:03,135 INFO 8248 [egg-schedule]: register schedule C:\Users\Administrator\Desktop\新建文件夹\learning-effect\app-server\node_modules\egg-logrotator\app\schedule\clean_log.js
2022-05-11 20:50:03,135 INFO 8248 [egg-schedule]: register schedule C:\Users\Administrator\Desktop\新建文件夹\learning-effect\app-server\node_modules\egg-logrotator\app\schedule\rotate_by_file.js
2022-05-11 21:42:37,012 INFO 8016 [egg-schedule]: register schedule C:\Users\Administrator\Desktop\新建文件夹\learning-effect\app-server\node_modules\egg-multipart\app\schedule\clean_tmpdir.js
2022-05-11 21:42:37,012 INFO 8016 [egg-schedule]: register schedule C:\Users\Administrator\Desktop\新建文件夹\learning-effect\app-server\node_modules\egg-logrotator\app\schedule\clean_log.js
2022-05-11 21:42:37,012 INFO 8016 [egg-schedule]: register schedule C:\Users\Administrator\Desktop\新建文件夹\learning-effect\app-server\node_modules\egg-logrotator\app\schedule\rotate_by_file.js
2022-05-11 21:42:39,786 INFO 13212 [egg-schedule]: register schedule C:\Users\Administrator\Desktop\新建文件夹\learning-effect\app-server\node_modules\egg-multipart\app\schedule\clean_tmpdir.js
2022-05-11 21:42:39,786 INFO 13212 [egg-schedule]: register schedule C:\Users\Administrator\Desktop\新建文件夹\learning-effect\app-server\node_modules\egg-logrotator\app\schedule\clean_log.js
2022-05-11 21:42:39,786 INFO 13212 [egg-schedule]: register schedule C:\Users\Administrator\Desktop\新建文件夹\learning-effect\app-server\node_modules\egg-logrotator\app\schedule\rotate_by_file.js
2022-05-11 21:43:16,526 INFO 13084 [egg-schedule]: register schedule C:\Users\Administrator\Desktop\新建文件夹\learning-effect\app-server\node_modules\egg-multipart\app\schedule\clean_tmpdir.js
2022-05-11 21:43:16,526 INFO 13084 [egg-schedule]: register schedule C:\Users\Administrator\Desktop\新建文件夹\learning-effect\app-server\node_modules\egg-logrotator\app\schedule\clean_log.js
2022-05-11 21:43:16,527 INFO 13084 [egg-schedule]: register schedule C:\Users\Administrator\Desktop\新建文件夹\learning-effect\app-server\node_modules\egg-logrotator\app\schedule\rotate_by_file.js
2022-05-11 22:18:37,547 INFO 12448 [egg-schedule]: register schedule C:\Users\Administrator\Desktop\新建文件夹\learning-effect\app-server\node_modules\egg-multipart\app\schedule\clean_tmpdir.js
2022-05-11 22:18:37,547 INFO 12448 [egg-schedule]: register schedule C:\Users\Administrator\Desktop\新建文件夹\learning-effect\app-server\node_modules\egg-logrotator\app\schedule\clean_log.js
2022-05-11 22:18:37,547 INFO 12448 [egg-schedule]: register schedule C:\Users\Administrator\Desktop\新建文件夹\learning-effect\app-server\node_modules\egg-logrotator\app\schedule\rotate_by_file.js
2022-05-11 22:18:40,619 INFO 10252 [egg-schedule]: register schedule C:\Users\Administrator\Desktop\新建文件夹\learning-effect\app-server\node_modules\egg-multipart\app\schedule\clean_tmpdir.js
2022-05-11 22:18:40,619 INFO 10252 [egg-schedule]: register schedule C:\Users\Administrator\Desktop\新建文件夹\learning-effect\app-server\node_modules\egg-logrotator\app\schedule\clean_log.js
2022-05-11 22:18:40,619 INFO 10252 [egg-schedule]: register schedule C:\Users\Administrator\Desktop\新建文件夹\learning-effect\app-server\node_modules\egg-logrotator\app\schedule\rotate_by_file.js
2022-05-12 09:09:50,293 INFO 43808 [egg-schedule]: register schedule E:\桌面\learning-effect\app-server\node_modules\egg-multipart\app\schedule\clean_tmpdir.js
2022-05-12 09:09:50,293 INFO 43808 [egg-schedule]: register schedule E:\桌面\learning-effect\app-server\node_modules\egg-logrotator\app\schedule\clean_log.js
2022-05-12 09:09:50,293 INFO 43808 [egg-schedule]: register schedule E:\桌面\learning-effect\app-server\node_modules\egg-logrotator\app\schedule\rotate_by_file.js
2022-05-12 09:10:20,987 INFO 43524 [egg-schedule]: register schedule E:\桌面\learning-effect\app-server\node_modules\egg-multipart\app\schedule\clean_tmpdir.js
2022-05-12 09:10:20,987 INFO 43524 [egg-schedule]: register schedule E:\桌面\learning-effect\app-server\node_modules\egg-logrotator\app\schedule\clean_log.js
2022-05-12 09:10:20,987 INFO 43524 [egg-schedule]: register schedule E:\桌面\learning-effect\app-server\node_modules\egg-logrotator\app\schedule\rotate_by_file.js
2022-05-12 09:10:28,087 INFO 38808 [egg-schedule]: register schedule E:\桌面\learning-effect\app-server\node_modules\egg-multipart\app\schedule\clean_tmpdir.js
2022-05-12 09:10:28,087 INFO 38808 [egg-schedule]: register schedule E:\桌面\learning-effect\app-server\node_modules\egg-logrotator\app\schedule\clean_log.js
2022-05-12 09:10:28,087 INFO 38808 [egg-schedule]: register schedule E:\桌面\learning-effect\app-server\node_modules\egg-logrotator\app\schedule\rotate_by_file.js
2022-05-12 10:13:02,626 INFO 40456 [egg-schedule]: register schedule E:\桌面\learning-effect\app-server\node_modules\egg-multipart\app\schedule\clean_tmpdir.js
2022-05-12 10:13:02,626 INFO 40456 [egg-schedule]: register schedule E:\桌面\learning-effect\app-server\node_modules\egg-logrotator\app\schedule\clean_log.js
2022-05-12 10:13:02,626 INFO 40456 [egg-schedule]: register schedule E:\桌面\learning-effect\app-server\node_modules\egg-logrotator\app\schedule\rotate_by_file.js
2022-05-12 10:13:06,877 INFO 39436 [egg-schedule]: register schedule E:\桌面\learning-effect\app-server\node_modules\egg-multipart\app\schedule\clean_tmpdir.js
2022-05-12 10:13:06,877 INFO 39436 [egg-schedule]: register schedule E:\桌面\learning-effect\app-server\node_modules\egg-logrotator\app\schedule\clean_log.js
2022-05-12 10:13:06,877 INFO 39436 [egg-schedule]: register schedule E:\桌面\learning-effect\app-server\node_modules\egg-logrotator\app\schedule\rotate_by_file.js
2022-05-12 10:13:10,203 INFO 27232 [egg-schedule]: register schedule E:\桌面\learning-effect\app-server\node_modules\egg-multipart\app\schedule\clean_tmpdir.js
2022-05-12 10:13:10,203 INFO 27232 [egg-schedule]: register schedule E:\桌面\learning-effect\app-server\node_modules\egg-logrotator\app\schedule\clean_log.js
2022-05-12 10:13:10,203 INFO 27232 [egg-schedule]: register schedule E:\桌面\learning-effect\app-server\node_modules\egg-logrotator\app\schedule\rotate_by_file.js
2022-05-12 10:19:14,465 INFO 40192 [egg-schedule]: register schedule E:\桌面\learning-effect\app-server\node_modules\egg-multipart\app\schedule\clean_tmpdir.js
2022-05-12 10:19:14,465 INFO 40192 [egg-schedule]: register schedule E:\桌面\learning-effect\app-server\node_modules\egg-logrotator\app\schedule\clean_log.js
2022-05-12 10:19:14,465 INFO 40192 [egg-schedule]: register schedule E:\桌面\learning-effect\app-server\node_modules\egg-logrotator\app\schedule\rotate_by_file.js
2022-05-12 10:19:17,929 INFO 41860 [egg-schedule]: register schedule E:\桌面\learning-effect\app-server\node_modules\egg-multipart\app\schedule\clean_tmpdir.js
2022-05-12 10:19:17,929 INFO 41860 [egg-schedule]: register schedule E:\桌面\learning-effect\app-server\node_modules\egg-logrotator\app\schedule\clean_log.js
2022-05-12 10:19:17,929 INFO 41860 [egg-schedule]: register schedule E:\桌面\learning-effect\app-server\node_modules\egg-logrotator\app\schedule\rotate_by_file.js
2022-05-12 10:19:27,422 INFO 42876 [egg-schedule]: register schedule E:\桌面\learning-effect\app-server\node_modules\egg-multipart\app\schedule\clean_tmpdir.js
2022-05-12 10:19:27,422 INFO 42876 [egg-schedule]: register schedule E:\桌面\learning-effect\app-server\node_modules\egg-logrotator\app\schedule\clean_log.js
2022-05-12 10:19:27,422 INFO 42876 [egg-schedule]: register schedule E:\桌面\learning-effect\app-server\node_modules\egg-logrotator\app\schedule\rotate_by_file.js
2022-05-12 11:13:09,924 INFO 34124 [egg-schedule]: register schedule E:\桌面\learning-effect\app-server\node_modules\egg-multipart\app\schedule\clean_tmpdir.js
2022-05-12 11:13:09,924 INFO 34124 [egg-schedule]: register schedule E:\桌面\learning-effect\app-server\node_modules\egg-logrotator\app\schedule\clean_log.js
2022-05-12 11:13:09,924 INFO 34124 [egg-schedule]: register schedule E:\桌面\learning-effect\app-server\node_modules\egg-logrotator\app\schedule\rotate_by_file.js
2022-05-12 11:13:13,667 INFO 43004 [egg-schedule]: register schedule E:\桌面\learning-effect\app-server\node_modules\egg-multipart\app\schedule\clean_tmpdir.js
2022-05-12 11:13:13,667 INFO 43004 [egg-schedule]: register schedule E:\桌面\learning-effect\app-server\node_modules\egg-logrotator\app\schedule\clean_log.js
2022-05-12 11:13:13,667 INFO 43004 [egg-schedule]: register schedule E:\桌面\learning-effect\app-server\node_modules\egg-logrotator\app\schedule\rotate_by_file.js
2022-05-12 11:13:40,521 INFO 31492 [egg-schedule]: register schedule E:\桌面\learning-effect\app-server\node_modules\egg-multipart\app\schedule\clean_tmpdir.js
2022-05-12 11:13:40,521 INFO 31492 [egg-schedule]: register schedule E:\桌面\learning-effect\app-server\node_modules\egg-logrotator\app\schedule\clean_log.js
2022-05-12 11:13:40,521 INFO 31492 [egg-schedule]: register schedule E:\桌面\learning-effect\app-server\node_modules\egg-logrotator\app\schedule\rotate_by_file.js
2022-05-12 11:32:17,278 INFO 37556 [egg-schedule]: register schedule E:\桌面\learning-effect\app-server\node_modules\egg-multipart\app\schedule\clean_tmpdir.js
2022-05-12 11:32:17,278 INFO 37556 [egg-schedule]: register schedule E:\桌面\learning-effect\app-server\node_modules\egg-logrotator\app\schedule\clean_log.js
2022-05-12 11:32:17,278 INFO 37556 [egg-schedule]: register schedule E:\桌面\learning-effect\app-server\node_modules\egg-logrotator\app\schedule\rotate_by_file.js
2022-05-12 11:32:39,144 INFO 42208 [egg-schedule]: register schedule E:\桌面\learning-effect\app-server\node_modules\egg-multipart\app\schedule\clean_tmpdir.js
2022-05-12 11:32:39,144 INFO 42208 [egg-schedule]: register schedule E:\桌面\learning-effect\app-server\node_modules\egg-logrotator\app\schedule\clean_log.js
2022-05-12 11:32:39,144 INFO 42208 [egg-schedule]: register schedule E:\桌面\learning-effect\app-server\node_modules\egg-logrotator\app\schedule\rotate_by_file.js
2022-05-12 11:32:47,327 INFO 40152 [egg-schedule]: register schedule E:\桌面\learning-effect\app-server\node_modules\egg-multipart\app\schedule\clean_tmpdir.js
2022-05-12 11:32:47,327 INFO 40152 [egg-schedule]: register schedule E:\桌面\learning-effect\app-server\node_modules\egg-logrotator\app\schedule\clean_log.js
2022-05-12 11:32:47,327 INFO 40152 [egg-schedule]: register schedule E:\桌面\learning-effect\app-server\node_modules\egg-logrotator\app\schedule\rotate_by_file.js
2022-05-12 11:33:44,458 INFO 25596 [egg-schedule]: register schedule E:\桌面\learning-effect\app-server\node_modules\egg-multipart\app\schedule\clean_tmpdir.js
2022-05-12 11:33:44,458 INFO 25596 [egg-schedule]: register schedule E:\桌面\learning-effect\app-server\node_modules\egg-logrotator\app\schedule\clean_log.js
2022-05-12 11:33:44,458 INFO 25596 [egg-schedule]: register schedule E:\桌面\learning-effect\app-server\node_modules\egg-logrotator\app\schedule\rotate_by_file.js
2022-05-12 11:33:56,568 INFO 42220 [egg-schedule]: register schedule E:\桌面\learning-effect\app-server\node_modules\egg-multipart\app\schedule\clean_tmpdir.js
2022-05-12 11:33:56,568 INFO 42220 [egg-schedule]: register schedule E:\桌面\learning-effect\app-server\node_modules\egg-logrotator\app\schedule\clean_log.js
2022-05-12 11:33:56,568 INFO 42220 [egg-schedule]: register schedule E:\桌面\learning-effect\app-server\node_modules\egg-logrotator\app\schedule\rotate_by_file.js
2022-05-12 12:19:27,574 INFO 36092 [egg-schedule]: register schedule E:\桌面\learning-effect\app-server\node_modules\egg-multipart\app\schedule\clean_tmpdir.js
2022-05-12 12:19:27,574 INFO 36092 [egg-schedule]: register schedule E:\桌面\learning-effect\app-server\node_modules\egg-logrotator\app\schedule\clean_log.js
2022-05-12 12:19:27,574 INFO 36092 [egg-schedule]: register schedule E:\桌面\learning-effect\app-server\node_modules\egg-logrotator\app\schedule\rotate_by_file.js
2022-05-12 12:19:32,032 INFO 38156 [egg-schedule]: register schedule E:\桌面\learning-effect\app-server\node_modules\egg-multipart\app\schedule\clean_tmpdir.js
2022-05-12 12:19:32,032 INFO 38156 [egg-schedule]: register schedule E:\桌面\learning-effect\app-server\node_modules\egg-logrotator\app\schedule\clean_log.js
2022-05-12 12:19:32,032 INFO 38156 [egg-schedule]: register schedule E:\桌面\learning-effect\app-server\node_modules\egg-logrotator\app\schedule\rotate_by_file.js
2022-05-12 12:36:38,297 INFO 38440 [egg-schedule]: register schedule E:\桌面\learning-effect\app-server\node_modules\egg-multipart\app\schedule\clean_tmpdir.js
2022-05-12 12:36:38,297 INFO 38440 [egg-schedule]: register schedule E:\桌面\learning-effect\app-server\node_modules\egg-logrotator\app\schedule\clean_log.js
2022-05-12 12:36:38,297 INFO 38440 [egg-schedule]: register schedule E:\桌面\learning-effect\app-server\node_modules\egg-logrotator\app\schedule\rotate_by_file.js
2022-05-12 12:36:42,433 INFO 42716 [egg-schedule]: register schedule E:\桌面\learning-effect\app-server\node_modules\egg-multipart\app\schedule\clean_tmpdir.js
2022-05-12 12:36:42,433 INFO 42716 [egg-schedule]: register schedule E:\桌面\learning-effect\app-server\node_modules\egg-logrotator\app\schedule\clean_log.js
2022-05-12 12:36:42,433 INFO 42716 [egg-schedule]: register schedule E:\桌面\learning-effect\app-server\node_modules\egg-logrotator\app\schedule\rotate_by_file.js
2022-05-12 12:47:05,989 INFO 36424 [egg-schedule]: register schedule E:\桌面\learning-effect\app-server\node_modules\egg-multipart\app\schedule\clean_tmpdir.js
2022-05-12 12:47:05,989 INFO 36424 [egg-schedule]: register schedule E:\桌面\learning-effect\app-server\node_modules\egg-logrotator\app\schedule\clean_log.js
2022-05-12 12:47:05,989 INFO 36424 [egg-schedule]: register schedule E:\桌面\learning-effect\app-server\node_modules\egg-logrotator\app\schedule\rotate_by_file.js
2022-05-12 12:47:09,232 INFO 36972 [egg-schedule]: register schedule E:\桌面\learning-effect\app-server\node_modules\egg-multipart\app\schedule\clean_tmpdir.js
2022-05-12 12:47:09,232 INFO 36972 [egg-schedule]: register schedule E:\桌面\learning-effect\app-server\node_modules\egg-logrotator\app\schedule\clean_log.js
2022-05-12 12:47:09,232 INFO 36972 [egg-schedule]: register schedule E:\桌面\learning-effect\app-server\node_modules\egg-logrotator\app\schedule\rotate_by_file.js
2022-05-12 16:36:36,267 INFO 40476 [egg-schedule]: register schedule E:\桌面\learning-effect\app-server\node_modules\egg-multipart\app\schedule\clean_tmpdir.js
2022-05-12 16:36:36,267 INFO 40476 [egg-schedule]: register schedule E:\桌面\learning-effect\app-server\node_modules\egg-logrotator\app\schedule\clean_log.js
2022-05-12 16:36:36,267 INFO 40476 [egg-schedule]: register schedule E:\桌面\learning-effect\app-server\node_modules\egg-logrotator\app\schedule\rotate_by_file.js
2022-05-12 16:36:40,959 INFO 43004 [egg-schedule]: register schedule E:\桌面\learning-effect\app-server\node_modules\egg-multipart\app\schedule\clean_tmpdir.js
2022-05-12 16:36:40,959 INFO 43004 [egg-schedule]: register schedule E:\桌面\learning-effect\app-server\node_modules\egg-logrotator\app\schedule\clean_log.js
2022-05-12 16:36:40,959 INFO 43004 [egg-schedule]: register schedule E:\桌面\learning-effect\app-server\node_modules\egg-logrotator\app\schedule\rotate_by_file.js
2022-05-12 16:36:58,669 INFO 36808 [egg-schedule]: register schedule E:\桌面\learning-effect\app-server\node_modules\egg-multipart\app\schedule\clean_tmpdir.js
2022-05-12 16:36:58,669 INFO 36808 [egg-schedule]: register schedule E:\桌面\learning-effect\app-server\node_modules\egg-logrotator\app\schedule\clean_log.js
2022-05-12 16:36:58,669 INFO 36808 [egg-schedule]: register schedule E:\桌面\learning-effect\app-server\node_modules\egg-logrotator\app\schedule\rotate_by_file.js
2022-05-12 17:42:23,705 INFO 34720 [egg-schedule]: register schedule E:\桌面\learning-effect\app-server\node_modules\egg-multipart\app\schedule\clean_tmpdir.js
2022-05-12 17:42:23,705 INFO 34720 [egg-schedule]: register schedule E:\桌面\learning-effect\app-server\node_modules\egg-logrotator\app\schedule\clean_log.js
2022-05-12 17:42:23,705 INFO 34720 [egg-schedule]: register schedule E:\桌面\learning-effect\app-server\node_modules\egg-logrotator\app\schedule\rotate_by_file.js
2022-05-12 17:42:30,477 INFO 45564 [egg-schedule]: register schedule E:\桌面\learning-effect\app-server\node_modules\egg-multipart\app\schedule\clean_tmpdir.js
2022-05-12 17:42:30,477 INFO 45564 [egg-schedule]: register schedule E:\桌面\learning-effect\app-server\node_modules\egg-logrotator\app\schedule\clean_log.js
2022-05-12 17:42:30,477 INFO 45564 [egg-schedule]: register schedule E:\桌面\learning-effect\app-server\node_modules\egg-logrotator\app\schedule\rotate_by_file.js
2022-05-12 17:42:34,921 INFO 45432 [egg-schedule]: register schedule E:\桌面\learning-effect\app-server\node_modules\egg-multipart\app\schedule\clean_tmpdir.js
2022-05-12 17:42:34,921 INFO 45432 [egg-schedule]: register schedule E:\桌面\learning-effect\app-server\node_modules\egg-logrotator\app\schedule\clean_log.js
2022-05-12 17:42:34,921 INFO 45432 [egg-schedule]: register schedule E:\桌面\learning-effect\app-server\node_modules\egg-logrotator\app\schedule\rotate_by_file.js
2022-05-12 17:57:43,717 INFO 43708 [egg-schedule]: register schedule E:\桌面\learning-effect\app-server\node_modules\egg-multipart\app\schedule\clean_tmpdir.js
2022-05-12 17:57:43,717 INFO 43708 [egg-schedule]: register schedule E:\桌面\learning-effect\app-server\node_modules\egg-logrotator\app\schedule\clean_log.js
2022-05-12 17:57:43,717 INFO 43708 [egg-schedule]: register schedule E:\桌面\learning-effect\app-server\node_modules\egg-logrotator\app\schedule\rotate_by_file.js
2022-05-12 20:20:10,747 INFO 11536 [egg-schedule]: register schedule C:\Users\Administrator\Desktop\新建文件夹\learning-effect\app-server\node_modules\egg-multipart\app\schedule\clean_tmpdir.js
2022-05-12 20:20:10,747 INFO 11536 [egg-schedule]: register schedule C:\Users\Administrator\Desktop\新建文件夹\learning-effect\app-server\node_modules\egg-logrotator\app\schedule\clean_log.js
2022-05-12 20:20:10,747 INFO 11536 [egg-schedule]: register schedule C:\Users\Administrator\Desktop\新建文件夹\learning-effect\app-server\node_modules\egg-logrotator\app\schedule\rotate_by_file.js
2022-05-12 20:20:51,973 INFO 16776 [egg-schedule]: register schedule C:\Users\Administrator\Desktop\新建文件夹\learning-effect\app-server\node_modules\egg-multipart\app\schedule\clean_tmpdir.js
2022-05-12 20:20:51,973 INFO 16776 [egg-schedule]: register schedule C:\Users\Administrator\Desktop\新建文件夹\learning-effect\app-server\node_modules\egg-logrotator\app\schedule\clean_log.js
2022-05-12 20:20:51,973 INFO 16776 [egg-schedule]: register schedule C:\Users\Administrator\Desktop\新建文件夹\learning-effect\app-server\node_modules\egg-logrotator\app\schedule\rotate_by_file.js
2022-05-12 20:20:55,350 INFO 13824 [egg-schedule]: register schedule C:\Users\Administrator\Desktop\新建文件夹\learning-effect\app-server\node_modules\egg-multipart\app\schedule\clean_tmpdir.js
2022-05-12 20:20:55,350 INFO 13824 [egg-schedule]: register schedule C:\Users\Administrator\Desktop\新建文件夹\learning-effect\app-server\node_modules\egg-logrotator\app\schedule\clean_log.js
2022-05-12 20:20:55,350 INFO 13824 [egg-schedule]: register schedule C:\Users\Administrator\Desktop\新建文件夹\learning-effect\app-server\node_modules\egg-logrotator\app\schedule\rotate_by_file.js
2022-05-12 20:33:25,213 INFO 14636 [egg-schedule]: register schedule C:\Users\Administrator\Desktop\新建文件夹\learning-effect\app-server\node_modules\egg-multipart\app\schedule\clean_tmpdir.js
2022-05-12 20:33:25,213 INFO 14636 [egg-schedule]: register schedule C:\Users\Administrator\Desktop\新建文件夹\learning-effect\app-server\node_modules\egg-logrotator\app\schedule\clean_log.js
2022-05-12 20:33:25,213 INFO 14636 [egg-schedule]: register schedule C:\Users\Administrator\Desktop\新建文件夹\learning-effect\app-server\node_modules\egg-logrotator\app\schedule\rotate_by_file.js
2022-05-12 20:33:55,933 INFO 5040 [egg-schedule]: register schedule C:\Users\Administrator\Desktop\新建文件夹\learning-effect\app-server\node_modules\egg-multipart\app\schedule\clean_tmpdir.js
2022-05-12 20:33:55,933 INFO 5040 [egg-schedule]: register schedule C:\Users\Administrator\Desktop\新建文件夹\learning-effect\app-server\node_modules\egg-logrotator\app\schedule\clean_log.js
2022-05-12 20:33:55,933 INFO 5040 [egg-schedule]: register schedule C:\Users\Administrator\Desktop\新建文件夹\learning-effect\app-server\node_modules\egg-logrotator\app\schedule\rotate_by_file.js
2022-05-12 21:21:53,414 INFO 7756 [egg-schedule]: register schedule C:\Users\Administrator\Desktop\新建文件夹\learning-effect\app-server\node_modules\egg-multipart\app\schedule\clean_tmpdir.js
2022-05-12 21:21:53,414 INFO 7756 [egg-schedule]: register schedule C:\Users\Administrator\Desktop\新建文件夹\learning-effect\app-server\node_modules\egg-logrotator\app\schedule\clean_log.js
2022-05-12 21:21:53,414 INFO 7756 [egg-schedule]: register schedule C:\Users\Administrator\Desktop\新建文件夹\learning-effect\app-server\node_modules\egg-logrotator\app\schedule\rotate_by_file.js
2022-05-12 21:21:56,401 INFO 8664 [egg-schedule]: register schedule C:\Users\Administrator\Desktop\新建文件夹\learning-effect\app-server\node_modules\egg-multipart\app\schedule\clean_tmpdir.js
2022-05-12 21:21:56,401 INFO 8664 [egg-schedule]: register schedule C:\Users\Administrator\Desktop\新建文件夹\learning-effect\app-server\node_modules\egg-logrotator\app\schedule\clean_log.js
2022-05-12 21:21:56,401 INFO 8664 [egg-schedule]: register schedule C:\Users\Administrator\Desktop\新建文件夹\learning-effect\app-server\node_modules\egg-logrotator\app\schedule\rotate_by_file.js
2022-05-12 21:22:33,168 INFO 3720 [egg-schedule]: register schedule C:\Users\Administrator\Desktop\新建文件夹\learning-effect\app-server\node_modules\egg-multipart\app\schedule\clean_tmpdir.js
2022-05-12 21:22:33,168 INFO 3720 [egg-schedule]: register schedule C:\Users\Administrator\Desktop\新建文件夹\learning-effect\app-server\node_modules\egg-logrotator\app\schedule\clean_log.js
2022-05-12 21:22:33,168 INFO 3720 [egg-schedule]: register schedule C:\Users\Administrator\Desktop\新建文件夹\learning-effect\app-server\node_modules\egg-logrotator\app\schedule\rotate_by_file.js
2022-05-12 21:24:18,962 INFO 7256 [egg-schedule]: register schedule C:\Users\Administrator\Desktop\新建文件夹\learning-effect\app-server\node_modules\egg-multipart\app\schedule\clean_tmpdir.js
2022-05-12 21:24:18,962 INFO 7256 [egg-schedule]: register schedule C:\Users\Administrator\Desktop\新建文件夹\learning-effect\app-server\node_modules\egg-logrotator\app\schedule\clean_log.js
2022-05-12 21:24:18,962 INFO 7256 [egg-schedule]: register schedule C:\Users\Administrator\Desktop\新建文件夹\learning-effect\app-server\node_modules\egg-logrotator\app\schedule\rotate_by_file.js
2022-05-12 21:25:05,260 INFO 12220 [egg-schedule]: register schedule C:\Users\Administrator\Desktop\新建文件夹\learning-effect\app-server\node_modules\egg-multipart\app\schedule\clean_tmpdir.js
2022-05-12 21:25:05,260 INFO 12220 [egg-schedule]: register schedule C:\Users\Administrator\Desktop\新建文件夹\learning-effect\app-server\node_modules\egg-logrotator\app\schedule\clean_log.js
2022-05-12 21:25:05,260 INFO 12220 [egg-schedule]: register schedule C:\Users\Administrator\Desktop\新建文件夹\learning-effect\app-server\node_modules\egg-logrotator\app\schedule\rotate_by_file.js
2022-05-12 21:25:11,017 INFO 15428 [egg-schedule]: register schedule C:\Users\Administrator\Desktop\新建文件夹\learning-effect\app-server\node_modules\egg-multipart\app\schedule\clean_tmpdir.js
2022-05-12 21:25:11,017 INFO 15428 [egg-schedule]: register schedule C:\Users\Administrator\Desktop\新建文件夹\learning-effect\app-server\node_modules\egg-logrotator\app\schedule\clean_log.js
2022-05-12 21:25:11,017 INFO 15428 [egg-schedule]: register schedule C:\Users\Administrator\Desktop\新建文件夹\learning-effect\app-server\node_modules\egg-logrotator\app\schedule\rotate_by_file.js
2022-05-12 21:25:42,725 INFO 17220 [egg-schedule]: register schedule C:\Users\Administrator\Desktop\新建文件夹\learning-effect\app-server\node_modules\egg-multipart\app\schedule\clean_tmpdir.js
2022-05-12 21:25:42,725 INFO 17220 [egg-schedule]: register schedule C:\Users\Administrator\Desktop\新建文件夹\learning-effect\app-server\node_modules\egg-logrotator\app\schedule\clean_log.js
2022-05-12 21:25:42,725 INFO 17220 [egg-schedule]: register schedule C:\Users\Administrator\Desktop\新建文件夹\learning-effect\app-server\node_modules\egg-logrotator\app\schedule\rotate_by_file.js
2022-05-12 21:26:40,581 INFO 11452 [egg-schedule]: register schedule C:\Users\Administrator\Desktop\新建文件夹\learning-effect\app-server\node_modules\egg-multipart\app\schedule\clean_tmpdir.js
2022-05-12 21:26:40,581 INFO 11452 [egg-schedule]: register schedule C:\Users\Administrator\Desktop\新建文件夹\learning-effect\app-server\node_modules\egg-logrotator\app\schedule\clean_log.js
2022-05-12 21:26:40,581 INFO 11452 [egg-schedule]: register schedule C:\Users\Administrator\Desktop\新建文件夹\learning-effect\app-server\node_modules\egg-logrotator\app\schedule\rotate_by_file.js
2022-05-12 21:26:44,161 INFO 13208 [egg-schedule]: register schedule C:\Users\Administrator\Desktop\新建文件夹\learning-effect\app-server\node_modules\egg-multipart\app\schedule\clean_tmpdir.js
2022-05-12 21:26:44,161 INFO 13208 [egg-schedule]: register schedule C:\Users\Administrator\Desktop\新建文件夹\learning-effect\app-server\node_modules\egg-logrotator\app\schedule\clean_log.js
2022-05-12 21:26:44,161 INFO 13208 [egg-schedule]: register schedule C:\Users\Administrator\Desktop\新建文件夹\learning-effect\app-server\node_modules\egg-logrotator\app\schedule\rotate_by_file.js
2022-05-12 21:31:06,541 INFO 14440 [egg-schedule]: register schedule C:\Users\Administrator\Desktop\新建文件夹\learning-effect\app-server\node_modules\egg-multipart\app\schedule\clean_tmpdir.js
2022-05-12 21:31:06,541 INFO 14440 [egg-schedule]: register schedule C:\Users\Administrator\Desktop\新建文件夹\learning-effect\app-server\node_modules\egg-logrotator\app\schedule\clean_log.js
2022-05-12 21:31:06,541 INFO 14440 [egg-schedule]: register schedule C:\Users\Administrator\Desktop\新建文件夹\learning-effect\app-server\node_modules\egg-logrotator\app\schedule\rotate_by_file.js
2022-05-12 21:31:19,597 INFO 740 [egg-schedule]: register schedule C:\Users\Administrator\Desktop\新建文件夹\learning-effect\app-server\node_modules\egg-multipart\app\schedule\clean_tmpdir.js
2022-05-12 21:31:19,597 INFO 740 [egg-schedule]: register schedule C:\Users\Administrator\Desktop\新建文件夹\learning-effect\app-server\node_modules\egg-logrotator\app\schedule\clean_log.js
2022-05-12 21:31:19,597 INFO 740 [egg-schedule]: register schedule C:\Users\Administrator\Desktop\新建文件夹\learning-effect\app-server\node_modules\egg-logrotator\app\schedule\rotate_by_file.js
2022-05-12 21:32:30,631 INFO 17596 [egg-schedule]: register schedule C:\Users\Administrator\Desktop\新建文件夹\learning-effect\app-server\node_modules\egg-multipart\app\schedule\clean_tmpdir.js
2022-05-12 21:32:30,631 INFO 17596 [egg-schedule]: register schedule C:\Users\Administrator\Desktop\新建文件夹\learning-effect\app-server\node_modules\egg-logrotator\app\schedule\clean_log.js
2022-05-12 21:32:30,631 INFO 17596 [egg-schedule]: register schedule C:\Users\Administrator\Desktop\新建文件夹\learning-effect\app-server\node_modules\egg-logrotator\app\schedule\rotate_by_file.js
2022-05-12 21:32:35,162 INFO 9524 [egg-schedule]: register schedule C:\Users\Administrator\Desktop\新建文件夹\learning-effect\app-server\node_modules\egg-multipart\app\schedule\clean_tmpdir.js
2022-05-12 21:32:35,162 INFO 9524 [egg-schedule]: register schedule C:\Users\Administrator\Desktop\新建文件夹\learning-effect\app-server\node_modules\egg-logrotator\app\schedule\clean_log.js
2022-05-12 21:32:35,162 INFO 9524 [egg-schedule]: register schedule C:\Users\Administrator\Desktop\新建文件夹\learning-effect\app-server\node_modules\egg-logrotator\app\schedule\rotate_by_file.js
2022-05-12 21:34:10,414 INFO 8632 [egg-schedule]: register schedule C:\Users\Administrator\Desktop\新建文件夹\learning-effect\app-server\node_modules\egg-multipart\app\schedule\clean_tmpdir.js
2022-05-12 21:34:10,414 INFO 8632 [egg-schedule]: register schedule C:\Users\Administrator\Desktop\新建文件夹\learning-effect\app-server\node_modules\egg-logrotator\app\schedule\clean_log.js
2022-05-12 21:34:10,414 INFO 8632 [egg-schedule]: register schedule C:\Users\Administrator\Desktop\新建文件夹\learning-effect\app-server\node_modules\egg-logrotator\app\schedule\rotate_by_file.js
2022-05-12 21:34:13,204 INFO 8956 [egg-schedule]: register schedule C:\Users\Administrator\Desktop\新建文件夹\learning-effect\app-server\node_modules\egg-multipart\app\schedule\clean_tmpdir.js
2022-05-12 21:34:13,204 INFO 8956 [egg-schedule]: register schedule C:\Users\Administrator\Desktop\新建文件夹\learning-effect\app-server\node_modules\egg-logrotator\app\schedule\clean_log.js
2022-05-12 21:34:13,204 INFO 8956 [egg-schedule]: register schedule C:\Users\Administrator\Desktop\新建文件夹\learning-effect\app-server\node_modules\egg-logrotator\app\schedule\rotate_by_file.js
2022-05-12 21:34:27,128 INFO 8024 [egg-schedule]: register schedule C:\Users\Administrator\Desktop\新建文件夹\learning-effect\app-server\node_modules\egg-multipart\app\schedule\clean_tmpdir.js
2022-05-12 21:34:27,128 INFO 8024 [egg-schedule]: register schedule C:\Users\Administrator\Desktop\新建文件夹\learning-effect\app-server\node_modules\egg-logrotator\app\schedule\clean_log.js
2022-05-12 21:34:27,128 INFO 8024 [egg-schedule]: register schedule C:\Users\Administrator\Desktop\新建文件夹\learning-effect\app-server\node_modules\egg-logrotator\app\schedule\rotate_by_file.js
2022-05-12 21:34:30,652 INFO 16052 [egg-schedule]: register schedule C:\Users\Administrator\Desktop\新建文件夹\learning-effect\app-server\node_modules\egg-multipart\app\schedule\clean_tmpdir.js
2022-05-12 21:34:30,652 INFO 16052 [egg-schedule]: register schedule C:\Users\Administrator\Desktop\新建文件夹\learning-effect\app-server\node_modules\egg-logrotator\app\schedule\clean_log.js
2022-05-12 21:34:30,652 INFO 16052 [egg-schedule]: register schedule C:\Users\Administrator\Desktop\新建文件夹\learning-effect\app-server\node_modules\egg-logrotator\app\schedule\rotate_by_file.js
2022-05-12 22:22:46,219 INFO 11688 [egg-schedule]: register schedule C:\Users\Administrator\Desktop\新建文件夹\learning-effect\app-server\node_modules\egg-multipart\app\schedule\clean_tmpdir.js
2022-05-12 22:22:46,219 INFO 11688 [egg-schedule]: register schedule C:\Users\Administrator\Desktop\新建文件夹\learning-effect\app-server\node_modules\egg-logrotator\app\schedule\clean_log.js
2022-05-12 22:22:46,219 INFO 11688 [egg-schedule]: register schedule C:\Users\Administrator\Desktop\新建文件夹\learning-effect\app-server\node_modules\egg-logrotator\app\schedule\rotate_by_file.js
2022-05-12 22:22:49,505 INFO 13612 [egg-schedule]: register schedule C:\Users\Administrator\Desktop\新建文件夹\learning-effect\app-server\node_modules\egg-multipart\app\schedule\clean_tmpdir.js
2022-05-12 22:22:49,505 INFO 13612 [egg-schedule]: register schedule C:\Users\Administrator\Desktop\新建文件夹\learning-effect\app-server\node_modules\egg-logrotator\app\schedule\clean_log.js
2022-05-12 22:22:49,505 INFO 13612 [egg-schedule]: register schedule C:\Users\Administrator\Desktop\新建文件夹\learning-effect\app-server\node_modules\egg-logrotator\app\schedule\rotate_by_file.js
2022-05-12 22:22:56,354 INFO 1116 [egg-schedule]: register schedule C:\Users\Administrator\Desktop\新建文件夹\learning-effect\app-server\node_modules\egg-multipart\app\schedule\clean_tmpdir.js
2022-05-12 22:22:56,354 INFO 1116 [egg-schedule]: register schedule C:\Users\Administrator\Desktop\新建文件夹\learning-effect\app-server\node_modules\egg-logrotator\app\schedule\clean_log.js
2022-05-12 22:22:56,354 INFO 1116 [egg-schedule]: register schedule C:\Users\Administrator\Desktop\新建文件夹\learning-effect\app-server\node_modules\egg-logrotator\app\schedule\rotate_by_file.js
2022-05-12 23:22:49,759 INFO 4200 [egg-schedule]: register schedule C:\Users\Administrator\Desktop\新建文件夹\learning-effect\app-server\node_modules\egg-multipart\app\schedule\clean_tmpdir.js
2022-05-12 23:22:49,759 INFO 4200 [egg-schedule]: register schedule C:\Users\Administrator\Desktop\新建文件夹\learning-effect\app-server\node_modules\egg-logrotator\app\schedule\clean_log.js
2022-05-12 23:22:49,759 INFO 4200 [egg-schedule]: register schedule C:\Users\Administrator\Desktop\新建文件夹\learning-effect\app-server\node_modules\egg-logrotator\app\schedule\rotate_by_file.js
2022-05-12 23:22:52,817 INFO 2500 [egg-schedule]: register schedule C:\Users\Administrator\Desktop\新建文件夹\learning-effect\app-server\node_modules\egg-multipart\app\schedule\clean_tmpdir.js
2022-05-12 23:22:52,817 INFO 2500 [egg-schedule]: register schedule C:\Users\Administrator\Desktop\新建文件夹\learning-effect\app-server\node_modules\egg-logrotator\app\schedule\clean_log.js
2022-05-12 23:22:52,817 INFO 2500 [egg-schedule]: register schedule C:\Users\Administrator\Desktop\新建文件夹\learning-effect\app-server\node_modules\egg-logrotator\app\schedule\rotate_by_file.js
2022-05-12 23:22:56,632 INFO 9808 [egg-schedule]: register schedule C:\Users\Administrator\Desktop\新建文件夹\learning-effect\app-server\node_modules\egg-multipart\app\schedule\clean_tmpdir.js
2022-05-12 23:22:56,632 INFO 9808 [egg-schedule]: register schedule C:\Users\Administrator\Desktop\新建文件夹\learning-effect\app-server\node_modules\egg-logrotator\app\schedule\clean_log.js
2022-05-12 23:22:56,632 INFO 9808 [egg-schedule]: register schedule C:\Users\Administrator\Desktop\新建文件夹\learning-effect\app-server\node_modules\egg-logrotator\app\schedule\rotate_by_file.js
